<?xml version="1.0" encoding="UTF-8"?>
<testsuite xmlns:xsi="http://www.w3.org/2001/XMLSchema-instance" xsi:noNamespaceSchemaLocation="https://maven.apache.org/surefire/maven-surefire-plugin/xsd/surefire-test-report-3.0.xsd" version="3.0" name="ParallelTest" time="1.951" tests="1" errors="0" skipped="0" failures="0">
  <properties>
[...]
</properties>
  <testcase name="testParallel" classname="ParallelTest" time="1.938">
    <system-out><![CDATA[01:56:03.033 [main] DEBUG com.intuit.karate.Suite -- waiting for 4 features to complete
01:56:03.506 [pool-2-thread-2] DEBUG com.jayway.jsonpath.internal.path.CompiledPath -- Evaluating path: $
01:56:03.506 [pool-2-thread-1] DEBUG com.jayway.jsonpath.internal.path.CompiledPath -- Evaluating path: $
01:56:03.517 [pool-2-thread-2] DEBUG io.netty.util.internal.logging.InternalLoggerFactory -- Using SLF4J as the default logging framework
01:56:03.518 [pool-2-thread-2] DEBUG io.netty.util.internal.PlatformDependent0 -- -Dio.netty.noUnsafe: false
01:56:03.518 [pool-2-thread-2] DEBUG io.netty.util.internal.PlatformDependent0 -- Java version: 17
01:56:03.518 [pool-2-thread-2] DEBUG io.netty.util.internal.PlatformDependent0 -- sun.misc.Unsafe.theUnsafe: available
01:56:03.518 [pool-2-thread-2] DEBUG io.netty.util.internal.PlatformDependent0 -- sun.misc.Unsafe.copyMemory: available
01:56:03.518 [pool-2-thread-2] DEBUG io.netty.util.internal.PlatformDependent0 -- java.nio.Buffer.address: available
01:56:03.518 [pool-2-thread-2] DEBUG io.netty.util.internal.PlatformDependent0 -- direct buffer constructor: unavailable: Reflective setAccessible(true) disabled
01:56:03.519 [pool-2-thread-2] DEBUG io.netty.util.internal.PlatformDependent0 -- java.nio.Bits.unaligned: available, true
01:56:03.519 [pool-2-thread-2] DEBUG io.netty.util.internal.PlatformDependent0 -- jdk.internal.misc.Unsafe.allocateUninitializedArray(int): unavailable: class io.netty.util.internal.PlatformDependent0$6 cannot access class jdk.internal.misc.Unsafe (in module java.base) because module java.base does not export jdk.internal.misc to unnamed module @326493cb
01:56:03.519 [pool-2-thread-2] DEBUG io.netty.util.internal.PlatformDependent0 -- java.nio.DirectByteBuffer.<init>(long, int): unavailable
01:56:03.519 [pool-2-thread-2] DEBUG io.netty.util.internal.PlatformDependent -- sun.misc.Unsafe: available
01:56:03.520 [pool-2-thread-2] DEBUG io.netty.util.internal.PlatformDependent -- maxDirectMemory: 8589934592 bytes (maybe)
01:56:03.520 [pool-2-thread-2] DEBUG io.netty.util.internal.PlatformDependent -- -Dio.netty.tmpdir: /var/folders/5z/b7_t85cs6kg4mt06_4695n6h0000gn/T (java.io.tmpdir)
01:56:03.520 [pool-2-thread-2] DEBUG io.netty.util.internal.PlatformDependent -- -Dio.netty.bitMode: 64 (sun.arch.data.model)
01:56:03.520 [pool-2-thread-2] DEBUG io.netty.util.internal.PlatformDependent -- Platform: MacOS
01:56:03.521 [pool-2-thread-2] DEBUG io.netty.util.internal.PlatformDependent -- -Dio.netty.maxDirectMemory: -1 bytes
01:56:03.521 [pool-2-thread-2] DEBUG io.netty.util.internal.PlatformDependent -- -Dio.netty.uninitializedArrayAllocationThreshold: -1
01:56:03.521 [pool-2-thread-2] DEBUG io.netty.util.internal.CleanerJava9 -- java.nio.ByteBuffer.cleaner(): available
01:56:03.521 [pool-2-thread-2] DEBUG io.netty.util.internal.PlatformDependent -- -Dio.netty.noPreferDirect: false
01:56:03.635 [pool-2-thread-2] DEBUG org.apache.http.client.protocol.RequestAddCookies -- CookieSpec selected: karate
01:56:03.635 [pool-2-thread-1] DEBUG org.apache.http.client.protocol.RequestAddCookies -- CookieSpec selected: karate
01:56:03.638 [pool-2-thread-2] DEBUG org.apache.http.client.protocol.RequestAuthCache -- Auth cache not set in the context
01:56:03.638 [pool-2-thread-1] DEBUG org.apache.http.client.protocol.RequestAuthCache -- Auth cache not set in the context
01:56:03.639 [pool-2-thread-2] DEBUG com.intuit.karate -- request:
1 > PUT http://localhost:8080/api/v3/pet
1 > Content-Type: application/json; charset=UTF-8
1 > Content-Length: 49
1 > Host: localhost:8080
1 > Connection: Keep-Alive
1 > User-Agent: Apache-HttpClient/4.5.14 (Java/17.0.14)
1 > Accept-Encoding: gzip,deflate
{"id":4,"name":"Firulais Damian","status":"sold"}

01:56:03.639 [pool-2-thread-1] DEBUG com.intuit.karate -- request:
1 > POST http://localhost:8080/api/v3/pet
1 > Content-Type: application/json; charset=UTF-8
1 > Content-Length: 43
1 > Host: localhost:8080
1 > Connection: Keep-Alive
1 > User-Agent: Apache-HttpClient/4.5.14 (Java/17.0.14)
1 > Accept-Encoding: gzip,deflate
{"id":4,"name":"Copo","status":"available"}

01:56:03.640 [pool-2-thread-2] DEBUG org.apache.http.impl.conn.PoolingHttpClientConnectionManager -- Connection request: [route: {}->http://localhost:8080][total available: 0; route allocated: 0 of 5; total allocated: 0 of 10]
01:56:03.640 [pool-2-thread-1] DEBUG org.apache.http.impl.conn.PoolingHttpClientConnectionManager -- Connection request: [route: {}->http://localhost:8080][total available: 0; route allocated: 0 of 5; total allocated: 0 of 10]
01:56:03.643 [pool-2-thread-1] DEBUG org.apache.http.impl.conn.PoolingHttpClientConnectionManager -- Connection leased: [id: 0][route: {}->http://localhost:8080][total available: 0; route allocated: 1 of 5; total allocated: 1 of 10]
01:56:03.643 [pool-2-thread-2] DEBUG org.apache.http.impl.conn.PoolingHttpClientConnectionManager -- Connection leased: [id: 1][route: {}->http://localhost:8080][total available: 0; route allocated: 1 of 5; total allocated: 1 of 10]
01:56:03.644 [pool-2-thread-1] DEBUG org.apache.http.impl.execchain.MainClientExec -- Opening connection {}->http://localhost:8080
01:56:03.644 [pool-2-thread-2] DEBUG org.apache.http.impl.execchain.MainClientExec -- Opening connection {}->http://localhost:8080
01:56:03.651 [pool-2-thread-1] DEBUG org.apache.http.impl.conn.DefaultHttpClientConnectionOperator -- Connecting to localhost/127.0.0.1:8080
01:56:03.651 [pool-2-thread-2] DEBUG org.apache.http.impl.conn.DefaultHttpClientConnectionOperator -- Connecting to localhost/127.0.0.1:8080
01:56:03.652 [pool-2-thread-2] DEBUG org.apache.http.impl.conn.DefaultHttpClientConnectionOperator -- Connection established 127.0.0.1:56802<->127.0.0.1:8080
01:56:03.652 [pool-2-thread-1] DEBUG org.apache.http.impl.conn.DefaultHttpClientConnectionOperator -- Connection established 127.0.0.1:56803<->127.0.0.1:8080
01:56:03.652 [pool-2-thread-1] DEBUG org.apache.http.impl.conn.DefaultManagedHttpClientConnection -- http-outgoing-1: set socket timeout to 30000
01:56:03.652 [pool-2-thread-2] DEBUG org.apache.http.impl.conn.DefaultManagedHttpClientConnection -- http-outgoing-0: set socket timeout to 30000
01:56:03.652 [pool-2-thread-1] DEBUG org.apache.http.impl.execchain.MainClientExec -- Executing request POST /api/v3/pet HTTP/1.1
01:56:03.652 [pool-2-thread-1] DEBUG org.apache.http.impl.execchain.MainClientExec -- Target auth state: UNCHALLENGED
01:56:03.652 [pool-2-thread-2] DEBUG org.apache.http.impl.execchain.MainClientExec -- Executing request PUT /api/v3/pet HTTP/1.1
01:56:03.652 [pool-2-thread-2] DEBUG org.apache.http.impl.execchain.MainClientExec -- Target auth state: UNCHALLENGED
01:56:03.652 [pool-2-thread-1] DEBUG org.apache.http.impl.execchain.MainClientExec -- Proxy auth state: UNCHALLENGED
01:56:03.652 [pool-2-thread-2] DEBUG org.apache.http.impl.execchain.MainClientExec -- Proxy auth state: UNCHALLENGED
01:56:03.653 [pool-2-thread-1] DEBUG org.apache.http.headers -- http-outgoing-1 >> POST /api/v3/pet HTTP/1.1
01:56:03.653 [pool-2-thread-2] DEBUG org.apache.http.headers -- http-outgoing-0 >> PUT /api/v3/pet HTTP/1.1
01:56:03.653 [pool-2-thread-2] DEBUG org.apache.http.headers -- http-outgoing-0 >> Content-Type: application/json; charset=UTF-8
01:56:03.653 [pool-2-thread-2] DEBUG org.apache.http.headers -- http-outgoing-0 >> Content-Length: 49
01:56:03.653 [pool-2-thread-1] DEBUG org.apache.http.headers -- http-outgoing-1 >> Content-Type: application/json; charset=UTF-8
01:56:03.653 [pool-2-thread-1] DEBUG org.apache.http.headers -- http-outgoing-1 >> Content-Length: 43
01:56:03.653 [pool-2-thread-2] DEBUG org.apache.http.headers -- http-outgoing-0 >> Host: localhost:8080
01:56:03.653 [pool-2-thread-2] DEBUG org.apache.http.headers -- http-outgoing-0 >> Connection: Keep-Alive
01:56:03.653 [pool-2-thread-2] DEBUG org.apache.http.headers -- http-outgoing-0 >> User-Agent: Apache-HttpClient/4.5.14 (Java/17.0.14)
01:56:03.653 [pool-2-thread-1] DEBUG org.apache.http.headers -- http-outgoing-1 >> Host: localhost:8080
01:56:03.653 [pool-2-thread-1] DEBUG org.apache.http.headers -- http-outgoing-1 >> Connection: Keep-Alive
01:56:03.653 [pool-2-thread-2] DEBUG org.apache.http.headers -- http-outgoing-0 >> Accept-Encoding: gzip,deflate
01:56:03.653 [pool-2-thread-1] DEBUG org.apache.http.headers -- http-outgoing-1 >> User-Agent: Apache-HttpClient/4.5.14 (Java/17.0.14)
01:56:03.653 [pool-2-thread-1] DEBUG org.apache.http.headers -- http-outgoing-1 >> Accept-Encoding: gzip,deflate
01:56:03.654 [pool-2-thread-2] DEBUG org.apache.http.wire -- http-outgoing-0 >> "PUT /api/v3/pet HTTP/1.1[\r][\n]"
01:56:03.654 [pool-2-thread-2] DEBUG org.apache.http.wire -- http-outgoing-0 >> "Content-Type: application/json; charset=UTF-8[\r][\n]"
01:56:03.654 [pool-2-thread-1] DEBUG org.apache.http.wire -- http-outgoing-1 >> "POST /api/v3/pet HTTP/1.1[\r][\n]"
01:56:03.654 [pool-2-thread-1] DEBUG org.apache.http.wire -- http-outgoing-1 >> "Content-Type: application/json; charset=UTF-8[\r][\n]"
01:56:03.654 [pool-2-thread-1] DEBUG org.apache.http.wire -- http-outgoing-1 >> "Content-Length: 43[\r][\n]"
01:56:03.654 [pool-2-thread-2] DEBUG org.apache.http.wire -- http-outgoing-0 >> "Content-Length: 49[\r][\n]"
01:56:03.654 [pool-2-thread-1] DEBUG org.apache.http.wire -- http-outgoing-1 >> "Host: localhost:8080[\r][\n]"
01:56:03.654 [pool-2-thread-1] DEBUG org.apache.http.wire -- http-outgoing-1 >> "Connection: Keep-Alive[\r][\n]"
01:56:03.654 [pool-2-thread-2] DEBUG org.apache.http.wire -- http-outgoing-0 >> "Host: localhost:8080[\r][\n]"
01:56:03.654 [pool-2-thread-1] DEBUG org.apache.http.wire -- http-outgoing-1 >> "User-Agent: Apache-HttpClient/4.5.14 (Java/17.0.14)[\r][\n]"
01:56:03.654 [pool-2-thread-1] DEBUG org.apache.http.wire -- http-outgoing-1 >> "Accept-Encoding: gzip,deflate[\r][\n]"
01:56:03.654 [pool-2-thread-1] DEBUG org.apache.http.wire -- http-outgoing-1 >> "[\r][\n]"
01:56:03.654 [pool-2-thread-1] DEBUG org.apache.http.wire -- http-outgoing-1 >> "{"id":4,"name":"Copo","status":"available"}"
01:56:03.654 [pool-2-thread-2] DEBUG org.apache.http.wire -- http-outgoing-0 >> "Connection: Keep-Alive[\r][\n]"
01:56:03.654 [pool-2-thread-2] DEBUG org.apache.http.wire -- http-outgoing-0 >> "User-Agent: Apache-HttpClient/4.5.14 (Java/17.0.14)[\r][\n]"
01:56:03.654 [pool-2-thread-2] DEBUG org.apache.http.wire -- http-outgoing-0 >> "Accept-Encoding: gzip,deflate[\r][\n]"
01:56:03.654 [pool-2-thread-2] DEBUG org.apache.http.wire -- http-outgoing-0 >> "[\r][\n]"
01:56:03.654 [pool-2-thread-2] DEBUG org.apache.http.wire -- http-outgoing-0 >> "{"id":4,"name":"Firulais Damian","status":"sold"}"
01:56:03.658 [pool-2-thread-1] DEBUG org.apache.http.wire -- http-outgoing-1 << "HTTP/1.1 200 OK[\r][\n]"
01:56:03.658 [pool-2-thread-1] DEBUG org.apache.http.wire -- http-outgoing-1 << "Date: Wed, 19 Feb 2025 06:56:03 GMT[\r][\n]"
01:56:03.658 [pool-2-thread-2] DEBUG org.apache.http.wire -- http-outgoing-0 << "HTTP/1.1 200 OK[\r][\n]"
01:56:03.658 [pool-2-thread-2] DEBUG org.apache.http.wire -- http-outgoing-0 << "Date: Wed, 19 Feb 2025 06:56:03 GMT[\r][\n]"
01:56:03.658 [pool-2-thread-2] DEBUG org.apache.http.wire -- http-outgoing-0 << "Access-Control-Allow-Origin: *[\r][\n]"
01:56:03.658 [pool-2-thread-1] DEBUG org.apache.http.wire -- http-outgoing-1 << "Access-Control-Allow-Origin: *[\r][\n]"
01:56:03.658 [pool-2-thread-1] DEBUG org.apache.http.wire -- http-outgoing-1 << "Access-Control-Allow-Methods: GET, POST, DELETE, PUT[\r][\n]"
01:56:03.658 [pool-2-thread-1] DEBUG org.apache.http.wire -- http-outgoing-1 << "Access-Control-Allow-Headers: Content-Type, api_key, Authorization[\r][\n]"
01:56:03.658 [pool-2-thread-1] DEBUG org.apache.http.wire -- http-outgoing-1 << "Access-Control-Expose-Headers: Content-Disposition[\r][\n]"
01:56:03.658 [pool-2-thread-2] DEBUG org.apache.http.wire -- http-outgoing-0 << "Access-Control-Allow-Methods: GET, POST, DELETE, PUT[\r][\n]"
01:56:03.658 [pool-2-thread-2] DEBUG org.apache.http.wire -- http-outgoing-0 << "Access-Control-Allow-Headers: Content-Type, api_key, Authorization[\r][\n]"
01:56:03.658 [pool-2-thread-1] DEBUG org.apache.http.wire -- http-outgoing-1 << "Content-Type: application/json[\r][\n]"
01:56:03.658 [pool-2-thread-2] DEBUG org.apache.http.wire -- http-outgoing-0 << "Access-Control-Expose-Headers: Content-Disposition[\r][\n]"
01:56:03.659 [pool-2-thread-2] DEBUG org.apache.http.wire -- http-outgoing-0 << "Content-Type: application/json[\r][\n]"
01:56:03.659 [pool-2-thread-2] DEBUG org.apache.http.wire -- http-outgoing-0 << "Content-Length: 74[\r][\n]"
01:56:03.659 [pool-2-thread-2] DEBUG org.apache.http.wire -- http-outgoing-0 << "Server: Jetty(9.4.9.v20180320)[\r][\n]"
01:56:03.658 [pool-2-thread-1] DEBUG org.apache.http.wire -- http-outgoing-1 << "Content-Length: 68[\r][\n]"
01:56:03.659 [pool-2-thread-2] DEBUG org.apache.http.wire -- http-outgoing-0 << "[\r][\n]"
01:56:03.659 [pool-2-thread-2] DEBUG org.apache.http.wire -- http-outgoing-0 << "{"id":4,"name":"Firulais Damian","photoUrls":[],"tags":[],"status":"sold"}"
01:56:03.659 [pool-2-thread-1] DEBUG org.apache.http.wire -- http-outgoing-1 << "Server: Jetty(9.4.9.v20180320)[\r][\n]"
01:56:03.659 [pool-2-thread-1] DEBUG org.apache.http.wire -- http-outgoing-1 << "[\r][\n]"
01:56:03.659 [pool-2-thread-1] DEBUG org.apache.http.wire -- http-outgoing-1 << "{"id":4,"name":"Copo","photoUrls":[],"tags":[],"status":"available"}"
01:56:03.659 [pool-2-thread-1] DEBUG org.apache.http.headers -- http-outgoing-1 << HTTP/1.1 200 OK
01:56:03.659 [pool-2-thread-2] DEBUG org.apache.http.headers -- http-outgoing-0 << HTTP/1.1 200 OK
01:56:03.660 [pool-2-thread-1] DEBUG org.apache.http.headers -- http-outgoing-1 << Date: Wed, 19 Feb 2025 06:56:03 GMT
01:56:03.660 [pool-2-thread-2] DEBUG org.apache.http.headers -- http-outgoing-0 << Date: Wed, 19 Feb 2025 06:56:03 GMT
01:56:03.660 [pool-2-thread-1] DEBUG org.apache.http.headers -- http-outgoing-1 << Access-Control-Allow-Origin: *
01:56:03.660 [pool-2-thread-2] DEBUG org.apache.http.headers -- http-outgoing-0 << Access-Control-Allow-Origin: *
01:56:03.660 [pool-2-thread-1] DEBUG org.apache.http.headers -- http-outgoing-1 << Access-Control-Allow-Methods: GET, POST, DELETE, PUT
01:56:03.660 [pool-2-thread-2] DEBUG org.apache.http.headers -- http-outgoing-0 << Access-Control-Allow-Methods: GET, POST, DELETE, PUT
01:56:03.660 [pool-2-thread-1] DEBUG org.apache.http.headers -- http-outgoing-1 << Access-Control-Allow-Headers: Content-Type, api_key, Authorization
01:56:03.660 [pool-2-thread-2] DEBUG org.apache.http.headers -- http-outgoing-0 << Access-Control-Allow-Headers: Content-Type, api_key, Authorization
01:56:03.660 [pool-2-thread-1] DEBUG org.apache.http.headers -- http-outgoing-1 << Access-Control-Expose-Headers: Content-Disposition
01:56:03.660 [pool-2-thread-2] DEBUG org.apache.http.headers -- http-outgoing-0 << Access-Control-Expose-Headers: Content-Disposition
01:56:03.660 [pool-2-thread-1] DEBUG org.apache.http.headers -- http-outgoing-1 << Content-Type: application/json
01:56:03.660 [pool-2-thread-2] DEBUG org.apache.http.headers -- http-outgoing-0 << Content-Type: application/json
01:56:03.660 [pool-2-thread-1] DEBUG org.apache.http.headers -- http-outgoing-1 << Content-Length: 68
01:56:03.660 [pool-2-thread-2] DEBUG org.apache.http.headers -- http-outgoing-0 << Content-Length: 74
01:56:03.660 [pool-2-thread-1] DEBUG org.apache.http.headers -- http-outgoing-1 << Server: Jetty(9.4.9.v20180320)
01:56:03.660 [pool-2-thread-2] DEBUG org.apache.http.headers -- http-outgoing-0 << Server: Jetty(9.4.9.v20180320)
01:56:03.661 [pool-2-thread-2] DEBUG org.apache.http.impl.execchain.MainClientExec -- Connection can be kept alive indefinitely
01:56:03.661 [pool-2-thread-1] DEBUG org.apache.http.impl.execchain.MainClientExec -- Connection can be kept alive indefinitely
01:56:03.662 [pool-2-thread-1] DEBUG org.apache.http.impl.conn.PoolingHttpClientConnectionManager -- Connection [id: 0][route: {}->http://localhost:8080] can be kept alive indefinitely
01:56:03.662 [pool-2-thread-2] DEBUG org.apache.http.impl.conn.PoolingHttpClientConnectionManager -- Connection [id: 1][route: {}->http://localhost:8080] can be kept alive indefinitely
01:56:03.662 [pool-2-thread-1] DEBUG org.apache.http.impl.conn.DefaultManagedHttpClientConnection -- http-outgoing-1: set socket timeout to 0
01:56:03.662 [pool-2-thread-2] DEBUG org.apache.http.impl.conn.DefaultManagedHttpClientConnection -- http-outgoing-0: set socket timeout to 0
01:56:03.662 [pool-2-thread-2] DEBUG org.apache.http.impl.conn.PoolingHttpClientConnectionManager -- Connection released: [id: 1][route: {}->http://localhost:8080][total available: 1; route allocated: 1 of 5; total allocated: 1 of 10]
01:56:03.662 [pool-2-thread-1] DEBUG org.apache.http.impl.conn.PoolingHttpClientConnectionManager -- Connection released: [id: 0][route: {}->http://localhost:8080][total available: 1; route allocated: 1 of 5; total allocated: 1 of 10]
01:56:03.662 [pool-2-thread-2] DEBUG org.apache.http.impl.conn.PoolingHttpClientConnectionManager -- Connection manager is shutting down
01:56:03.662 [pool-2-thread-1] DEBUG org.apache.http.impl.conn.PoolingHttpClientConnectionManager -- Connection manager is shutting down
01:56:03.662 [pool-2-thread-2] DEBUG org.apache.http.impl.conn.DefaultManagedHttpClientConnection -- http-outgoing-0: Close connection
01:56:03.662 [pool-2-thread-1] DEBUG org.apache.http.impl.conn.DefaultManagedHttpClientConnection -- http-outgoing-1: Close connection
01:56:03.662 [pool-2-thread-1] DEBUG org.apache.http.impl.conn.PoolingHttpClientConnectionManager -- Connection manager shut down
01:56:03.662 [pool-2-thread-2] DEBUG org.apache.http.impl.conn.PoolingHttpClientConnectionManager -- Connection manager shut down
01:56:03.663 [pool-2-thread-2] DEBUG com.intuit.karate -- response time in milliseconds: 23
1 < 200
1 < Date: Wed, 19 Feb 2025 06:56:03 GMT
1 < Access-Control-Allow-Origin: *
1 < Access-Control-Allow-Methods: GET, POST, DELETE, PUT
1 < Access-Control-Allow-Headers: Content-Type, api_key, Authorization
1 < Access-Control-Expose-Headers: Content-Disposition
1 < Content-Type: application/json
1 < Content-Length: 74
1 < Server: Jetty(9.4.9.v20180320)
{"id":4,"name":"Firulais Damian","photoUrls":[],"tags":[],"status":"sold"}

01:56:03.663 [pool-2-thread-1] DEBUG com.intuit.karate -- response time in milliseconds: 23
1 < 200
1 < Date: Wed, 19 Feb 2025 06:56:03 GMT
1 < Access-Control-Allow-Origin: *
1 < Access-Control-Allow-Methods: GET, POST, DELETE, PUT
1 < Access-Control-Allow-Headers: Content-Type, api_key, Authorization
1 < Access-Control-Expose-Headers: Content-Disposition
1 < Content-Type: application/json
1 < Content-Length: 68
1 < Server: Jetty(9.4.9.v20180320)
{"id":4,"name":"Copo","photoUrls":[],"tags":[],"status":"available"}

01:56:03.672 [pool-2-thread-2] DEBUG com.jayway.jsonpath.internal.path.CompiledPath -- Evaluating path: $
01:56:03.673 [pool-2-thread-1] DEBUG com.jayway.jsonpath.internal.path.CompiledPath -- Evaluating path: $
01:56:03.673 [pool-2-thread-1] DEBUG com.jayway.jsonpath.internal.path.CompiledPath -- Evaluating path: $
01:56:03.673 [pool-2-thread-2] DEBUG com.jayway.jsonpath.internal.path.CompiledPath -- Evaluating path: $
01:56:03.683 [pool-2-thread-1] DEBUG org.apache.http.client.protocol.RequestAddCookies -- CookieSpec selected: karate
01:56:03.683 [pool-2-thread-2] DEBUG org.apache.http.client.protocol.RequestAddCookies -- CookieSpec selected: karate
01:56:03.683 [pool-2-thread-1] DEBUG org.apache.http.client.protocol.RequestAuthCache -- Auth cache not set in the context
01:56:03.683 [pool-2-thread-2] DEBUG org.apache.http.client.protocol.RequestAuthCache -- Auth cache not set in the context
01:56:03.683 [pool-2-thread-2] DEBUG com.intuit.karate -- request:
1 > GET http://localhost:8080/api/v3/pet/2
1 > Host: localhost:8080
1 > Connection: Keep-Alive
1 > User-Agent: Apache-HttpClient/4.5.14 (Java/17.0.14)
1 > Accept-Encoding: gzip,deflate


01:56:03.683 [pool-2-thread-1] DEBUG com.intuit.karate -- request:
1 > GET http://localhost:8080/api/v3/pet/2
1 > Host: localhost:8080
1 > Connection: Keep-Alive
1 > User-Agent: Apache-HttpClient/4.5.14 (Java/17.0.14)
1 > Accept-Encoding: gzip,deflate


01:56:03.683 [pool-2-thread-2] DEBUG org.apache.http.impl.conn.PoolingHttpClientConnectionManager -- Connection request: [route: {}->http://localhost:8080][total available: 0; route allocated: 0 of 5; total allocated: 0 of 10]
01:56:03.683 [pool-2-thread-1] DEBUG org.apache.http.impl.conn.PoolingHttpClientConnectionManager -- Connection request: [route: {}->http://localhost:8080][total available: 0; route allocated: 0 of 5; total allocated: 0 of 10]
01:56:03.684 [pool-2-thread-2] DEBUG org.apache.http.impl.conn.PoolingHttpClientConnectionManager -- Connection leased: [id: 2][route: {}->http://localhost:8080][total available: 0; route allocated: 1 of 5; total allocated: 1 of 10]
01:56:03.684 [pool-2-thread-2] DEBUG org.apache.http.impl.execchain.MainClientExec -- Opening connection {}->http://localhost:8080
01:56:03.684 [pool-2-thread-1] DEBUG org.apache.http.impl.conn.PoolingHttpClientConnectionManager -- Connection leased: [id: 3][route: {}->http://localhost:8080][total available: 0; route allocated: 1 of 5; total allocated: 1 of 10]
01:56:03.684 [pool-2-thread-1] DEBUG org.apache.http.impl.execchain.MainClientExec -- Opening connection {}->http://localhost:8080
01:56:03.684 [pool-2-thread-2] DEBUG org.apache.http.impl.conn.DefaultHttpClientConnectionOperator -- Connecting to localhost/127.0.0.1:8080
01:56:03.684 [pool-2-thread-1] DEBUG org.apache.http.impl.conn.DefaultHttpClientConnectionOperator -- Connecting to localhost/127.0.0.1:8080
01:56:03.684 [pool-2-thread-2] DEBUG org.apache.http.impl.conn.DefaultHttpClientConnectionOperator -- Connection established 127.0.0.1:56804<->127.0.0.1:8080
01:56:03.684 [pool-2-thread-2] DEBUG org.apache.http.impl.conn.DefaultManagedHttpClientConnection -- http-outgoing-2: set socket timeout to 30000
01:56:03.684 [pool-2-thread-1] DEBUG org.apache.http.impl.conn.DefaultHttpClientConnectionOperator -- Connection established 127.0.0.1:56805<->127.0.0.1:8080
01:56:03.684 [pool-2-thread-2] DEBUG org.apache.http.impl.execchain.MainClientExec -- Executing request GET /api/v3/pet/2 HTTP/1.1
01:56:03.684 [pool-2-thread-2] DEBUG org.apache.http.impl.execchain.MainClientExec -- Target auth state: UNCHALLENGED
01:56:03.684 [pool-2-thread-2] DEBUG org.apache.http.impl.execchain.MainClientExec -- Proxy auth state: UNCHALLENGED
01:56:03.684 [pool-2-thread-1] DEBUG org.apache.http.impl.conn.DefaultManagedHttpClientConnection -- http-outgoing-3: set socket timeout to 30000
01:56:03.684 [pool-2-thread-1] DEBUG org.apache.http.impl.execchain.MainClientExec -- Executing request GET /api/v3/pet/2 HTTP/1.1
01:56:03.684 [pool-2-thread-1] DEBUG org.apache.http.impl.execchain.MainClientExec -- Target auth state: UNCHALLENGED
01:56:03.684 [pool-2-thread-1] DEBUG org.apache.http.impl.execchain.MainClientExec -- Proxy auth state: UNCHALLENGED
01:56:03.684 [pool-2-thread-2] DEBUG org.apache.http.headers -- http-outgoing-2 >> GET /api/v3/pet/2 HTTP/1.1
01:56:03.684 [pool-2-thread-2] DEBUG org.apache.http.headers -- http-outgoing-2 >> Host: localhost:8080
01:56:03.684 [pool-2-thread-2] DEBUG org.apache.http.headers -- http-outgoing-2 >> Connection: Keep-Alive
01:56:03.684 [pool-2-thread-2] DEBUG org.apache.http.headers -- http-outgoing-2 >> User-Agent: Apache-HttpClient/4.5.14 (Java/17.0.14)
01:56:03.684 [pool-2-thread-2] DEBUG org.apache.http.headers -- http-outgoing-2 >> Accept-Encoding: gzip,deflate
01:56:03.684 [pool-2-thread-1] DEBUG org.apache.http.headers -- http-outgoing-3 >> GET /api/v3/pet/2 HTTP/1.1
01:56:03.684 [pool-2-thread-2] DEBUG org.apache.http.wire -- http-outgoing-2 >> "GET /api/v3/pet/2 HTTP/1.1[\r][\n]"
01:56:03.684 [pool-2-thread-2] DEBUG org.apache.http.wire -- http-outgoing-2 >> "Host: localhost:8080[\r][\n]"
01:56:03.684 [pool-2-thread-2] DEBUG org.apache.http.wire -- http-outgoing-2 >> "Connection: Keep-Alive[\r][\n]"
01:56:03.684 [pool-2-thread-1] DEBUG org.apache.http.headers -- http-outgoing-3 >> Host: localhost:8080
01:56:03.684 [pool-2-thread-2] DEBUG org.apache.http.wire -- http-outgoing-2 >> "User-Agent: Apache-HttpClient/4.5.14 (Java/17.0.14)[\r][\n]"
01:56:03.684 [pool-2-thread-2] DEBUG org.apache.http.wire -- http-outgoing-2 >> "Accept-Encoding: gzip,deflate[\r][\n]"
01:56:03.684 [pool-2-thread-1] DEBUG org.apache.http.headers -- http-outgoing-3 >> Connection: Keep-Alive
01:56:03.685 [pool-2-thread-2] DEBUG org.apache.http.wire -- http-outgoing-2 >> "[\r][\n]"
01:56:03.685 [pool-2-thread-1] DEBUG org.apache.http.headers -- http-outgoing-3 >> User-Agent: Apache-HttpClient/4.5.14 (Java/17.0.14)
01:56:03.685 [pool-3-thread-1] DEBUG org.thymeleaf.TemplateEngine -- [THYMELEAF] INITIALIZING TEMPLATE ENGINE
01:56:03.685 [pool-2-thread-1] DEBUG org.apache.http.headers -- http-outgoing-3 >> Accept-Encoding: gzip,deflate
01:56:03.685 [pool-2-thread-1] DEBUG org.apache.http.wire -- http-outgoing-3 >> "GET /api/v3/pet/2 HTTP/1.1[\r][\n]"
01:56:03.685 [pool-2-thread-1] DEBUG org.apache.http.wire -- http-outgoing-3 >> "Host: localhost:8080[\r][\n]"
01:56:03.685 [pool-2-thread-1] DEBUG org.apache.http.wire -- http-outgoing-3 >> "Connection: Keep-Alive[\r][\n]"
01:56:03.685 [pool-2-thread-1] DEBUG org.apache.http.wire -- http-outgoing-3 >> "User-Agent: Apache-HttpClient/4.5.14 (Java/17.0.14)[\r][\n]"
01:56:03.685 [pool-2-thread-1] DEBUG org.apache.http.wire -- http-outgoing-3 >> "Accept-Encoding: gzip,deflate[\r][\n]"
01:56:03.685 [pool-2-thread-1] DEBUG org.apache.http.wire -- http-outgoing-3 >> "[\r][\n]"
01:56:03.689 [pool-2-thread-1] DEBUG org.apache.http.wire -- http-outgoing-3 << "HTTP/1.1 200 OK[\r][\n]"
01:56:03.689 [pool-2-thread-2] DEBUG org.apache.http.wire -- http-outgoing-2 << "HTTP/1.1 200 OK[\r][\n]"
01:56:03.689 [pool-2-thread-1] DEBUG org.apache.http.wire -- http-outgoing-3 << "Date: Wed, 19 Feb 2025 06:56:03 GMT[\r][\n]"
01:56:03.689 [pool-2-thread-1] DEBUG org.apache.http.wire -- http-outgoing-3 << "Access-Control-Allow-Origin: *[\r][\n]"
01:56:03.689 [pool-2-thread-1] DEBUG org.apache.http.wire -- http-outgoing-3 << "Access-Control-Allow-Methods: GET, POST, DELETE, PUT[\r][\n]"
01:56:03.689 [pool-2-thread-1] DEBUG org.apache.http.wire -- http-outgoing-3 << "Access-Control-Allow-Headers: Content-Type, api_key, Authorization[\r][\n]"
01:56:03.689 [pool-2-thread-1] DEBUG org.apache.http.wire -- http-outgoing-3 << "Access-Control-Expose-Headers: Content-Disposition[\r][\n]"
01:56:03.689 [pool-2-thread-1] DEBUG org.apache.http.wire -- http-outgoing-3 << "Content-Type: application/json[\r][\n]"
01:56:03.689 [pool-2-thread-2] DEBUG org.apache.http.wire -- http-outgoing-2 << "Date: Wed, 19 Feb 2025 06:56:03 GMT[\r][\n]"
01:56:03.689 [pool-2-thread-1] DEBUG org.apache.http.wire -- http-outgoing-3 << "Content-Length: 161[\r][\n]"
01:56:03.689 [pool-2-thread-2] DEBUG org.apache.http.wire -- http-outgoing-2 << "Access-Control-Allow-Origin: *[\r][\n]"
01:56:03.689 [pool-2-thread-2] DEBUG org.apache.http.wire -- http-outgoing-2 << "Access-Control-Allow-Methods: GET, POST, DELETE, PUT[\r][\n]"
01:56:03.689 [pool-2-thread-2] DEBUG org.apache.http.wire -- http-outgoing-2 << "Access-Control-Allow-Headers: Content-Type, api_key, Authorization[\r][\n]"
01:56:03.689 [pool-2-thread-2] DEBUG org.apache.http.wire -- http-outgoing-2 << "Access-Control-Expose-Headers: Content-Disposition[\r][\n]"
01:56:03.689 [pool-2-thread-2] DEBUG org.apache.http.wire -- http-outgoing-2 << "Content-Type: application/json[\r][\n]"
01:56:03.689 [pool-2-thread-1] DEBUG org.apache.http.wire -- http-outgoing-3 << "Server: Jetty(9.4.9.v20180320)[\r][\n]"
01:56:03.689 [pool-2-thread-1] DEBUG org.apache.http.wire -- http-outgoing-3 << "[\r][\n]"
01:56:03.689 [pool-2-thread-2] DEBUG org.apache.http.wire -- http-outgoing-2 << "Content-Length: 161[\r][\n]"
01:56:03.690 [pool-2-thread-1] DEBUG org.apache.http.wire -- http-outgoing-3 << "{"id":2,"category":{"id":2,"name":"Cats"},"name":"Cat 2","photoUrls":["url1","url2"],"tags":[{"id":1,"name":"tag2"},{"id":2,"name":"tag3"}],"status":"available"}"
01:56:03.690 [pool-2-thread-2] DEBUG org.apache.http.wire -- http-outgoing-2 << "Server: Jetty(9.4.9.v20180320)[\r][\n]"
01:56:03.690 [pool-2-thread-2] DEBUG org.apache.http.wire -- http-outgoing-2 << "[\r][\n]"
01:56:03.690 [pool-2-thread-1] DEBUG org.apache.http.headers -- http-outgoing-3 << HTTP/1.1 200 OK
01:56:03.690 [pool-2-thread-2] DEBUG org.apache.http.wire -- http-outgoing-2 << "{"id":2,"category":{"id":2,"name":"Cats"},"name":"Cat 2","photoUrls":["url1","url2"],"tags":[{"id":1,"name":"tag2"},{"id":2,"name":"tag3"}],"status":"available"}"
01:56:03.690 [pool-2-thread-1] DEBUG org.apache.http.headers -- http-outgoing-3 << Date: Wed, 19 Feb 2025 06:56:03 GMT
01:56:03.690 [pool-2-thread-2] DEBUG org.apache.http.headers -- http-outgoing-2 << HTTP/1.1 200 OK
01:56:03.690 [pool-2-thread-2] DEBUG org.apache.http.headers -- http-outgoing-2 << Date: Wed, 19 Feb 2025 06:56:03 GMT
01:56:03.690 [pool-2-thread-2] DEBUG org.apache.http.headers -- http-outgoing-2 << Access-Control-Allow-Origin: *
01:56:03.690 [pool-2-thread-2] DEBUG org.apache.http.headers -- http-outgoing-2 << Access-Control-Allow-Methods: GET, POST, DELETE, PUT
01:56:03.690 [pool-2-thread-2] DEBUG org.apache.http.headers -- http-outgoing-2 << Access-Control-Allow-Headers: Content-Type, api_key, Authorization
01:56:03.690 [pool-2-thread-2] DEBUG org.apache.http.headers -- http-outgoing-2 << Access-Control-Expose-Headers: Content-Disposition
01:56:03.690 [pool-2-thread-2] DEBUG org.apache.http.headers -- http-outgoing-2 << Content-Type: application/json
01:56:03.690 [pool-2-thread-2] DEBUG org.apache.http.headers -- http-outgoing-2 << Content-Length: 161
01:56:03.690 [pool-2-thread-2] DEBUG org.apache.http.headers -- http-outgoing-2 << Server: Jetty(9.4.9.v20180320)
01:56:03.690 [pool-2-thread-2] DEBUG org.apache.http.impl.execchain.MainClientExec -- Connection can be kept alive indefinitely
01:56:03.690 [pool-2-thread-2] DEBUG org.apache.http.impl.conn.PoolingHttpClientConnectionManager -- Connection [id: 2][route: {}->http://localhost:8080] can be kept alive indefinitely
01:56:03.690 [pool-2-thread-2] DEBUG org.apache.http.impl.conn.DefaultManagedHttpClientConnection -- http-outgoing-2: set socket timeout to 0
01:56:03.690 [pool-2-thread-2] DEBUG org.apache.http.impl.conn.PoolingHttpClientConnectionManager -- Connection released: [id: 2][route: {}->http://localhost:8080][total available: 1; route allocated: 1 of 5; total allocated: 1 of 10]
01:56:03.690 [pool-2-thread-2] DEBUG org.apache.http.impl.conn.PoolingHttpClientConnectionManager -- Connection manager is shutting down
01:56:03.690 [pool-2-thread-1] DEBUG org.apache.http.headers -- http-outgoing-3 << Access-Control-Allow-Origin: *
01:56:03.690 [pool-2-thread-2] DEBUG org.apache.http.impl.conn.DefaultManagedHttpClientConnection -- http-outgoing-2: Close connection
01:56:03.690 [pool-2-thread-1] DEBUG org.apache.http.headers -- http-outgoing-3 << Access-Control-Allow-Methods: GET, POST, DELETE, PUT
01:56:03.690 [pool-2-thread-1] DEBUG org.apache.http.headers -- http-outgoing-3 << Access-Control-Allow-Headers: Content-Type, api_key, Authorization
01:56:03.690 [pool-2-thread-2] DEBUG org.apache.http.impl.conn.PoolingHttpClientConnectionManager -- Connection manager shut down
01:56:03.690 [pool-2-thread-1] DEBUG org.apache.http.headers -- http-outgoing-3 << Access-Control-Expose-Headers: Content-Disposition
01:56:03.690 [pool-2-thread-1] DEBUG org.apache.http.headers -- http-outgoing-3 << Content-Type: application/json
01:56:03.690 [pool-2-thread-1] DEBUG org.apache.http.headers -- http-outgoing-3 << Content-Length: 161
01:56:03.690 [pool-2-thread-1] DEBUG org.apache.http.headers -- http-outgoing-3 << Server: Jetty(9.4.9.v20180320)
01:56:03.690 [pool-2-thread-1] DEBUG org.apache.http.impl.execchain.MainClientExec -- Connection can be kept alive indefinitely
01:56:03.690 [pool-2-thread-2] DEBUG com.intuit.karate -- response time in milliseconds: 7
1 < 200
1 < Date: Wed, 19 Feb 2025 06:56:03 GMT
1 < Access-Control-Allow-Origin: *
1 < Access-Control-Allow-Methods: GET, POST, DELETE, PUT
1 < Access-Control-Allow-Headers: Content-Type, api_key, Authorization
1 < Access-Control-Expose-Headers: Content-Disposition
1 < Content-Type: application/json
1 < Content-Length: 161
1 < Server: Jetty(9.4.9.v20180320)
{
  "id": 2,
  "category": {
    "id": 2,
    "name": "Cats"
  },
  "name": "Cat 2",
  "photoUrls": [
    "url1",
    "url2"
  ],
  "tags": [
    {
      "id": 1,
      "name": "tag2"
    },
    {
      "id": 2,
      "name": "tag3"
    }
  ],
  "status": "available"
}


01:56:03.690 [pool-2-thread-1] DEBUG org.apache.http.impl.conn.PoolingHttpClientConnectionManager -- Connection [id: 3][route: {}->http://localhost:8080] can be kept alive indefinitely
01:56:03.690 [pool-2-thread-1] DEBUG org.apache.http.impl.conn.DefaultManagedHttpClientConnection -- http-outgoing-3: set socket timeout to 0
01:56:03.690 [pool-2-thread-1] DEBUG org.apache.http.impl.conn.PoolingHttpClientConnectionManager -- Connection released: [id: 3][route: {}->http://localhost:8080][total available: 1; route allocated: 1 of 5; total allocated: 1 of 10]
01:56:03.690 [pool-2-thread-1] DEBUG org.apache.http.impl.conn.PoolingHttpClientConnectionManager -- Connection manager is shutting down
01:56:03.691 [pool-2-thread-1] DEBUG org.apache.http.impl.conn.DefaultManagedHttpClientConnection -- http-outgoing-3: Close connection
01:56:03.691 [pool-2-thread-1] DEBUG org.apache.http.impl.conn.PoolingHttpClientConnectionManager -- Connection manager shut down
01:56:03.691 [pool-2-thread-1] DEBUG com.intuit.karate -- response time in milliseconds: 7
1 < 200
1 < Date: Wed, 19 Feb 2025 06:56:03 GMT
1 < Access-Control-Allow-Origin: *
1 < Access-Control-Allow-Methods: GET, POST, DELETE, PUT
1 < Access-Control-Allow-Headers: Content-Type, api_key, Authorization
1 < Access-Control-Expose-Headers: Content-Disposition
1 < Content-Type: application/json
1 < Content-Length: 161
1 < Server: Jetty(9.4.9.v20180320)
{
  "id": 2,
  "category": {
    "id": 2,
    "name": "Cats"
  },
  "name": "Cat 2",
  "photoUrls": [
    "url1",
    "url2"
  ],
  "tags": [
    {
      "id": 1,
      "name": "tag2"
    },
    {
      "id": 2,
      "name": "tag3"
    }
  ],
  "status": "available"
}


01:56:03.700 [pool-2-thread-1] DEBUG com.jayway.jsonpath.internal.path.CompiledPath -- Evaluating path: $['id']
01:56:03.700 [pool-2-thread-2] DEBUG com.jayway.jsonpath.internal.path.CompiledPath -- Evaluating path: $['id']
01:56:03.705 [pool-2-thread-1] DEBUG com.jayway.jsonpath.internal.path.CompiledPath -- Evaluating path: $
01:56:03.706 [pool-2-thread-1] DEBUG com.jayway.jsonpath.internal.path.CompiledPath -- Evaluating path: $
01:56:03.707 [pool-2-thread-1] DEBUG org.apache.http.client.protocol.RequestAddCookies -- CookieSpec selected: karate
01:56:03.707 [pool-2-thread-1] DEBUG org.apache.http.client.protocol.RequestAuthCache -- Auth cache not set in the context
01:56:03.707 [pool-2-thread-1] DEBUG com.intuit.karate -- request:
1 > GET http://localhost:8080/api/v3/pet/3
1 > Host: localhost:8080
1 > Connection: Keep-Alive
1 > User-Agent: Apache-HttpClient/4.5.14 (Java/17.0.14)
1 > Accept-Encoding: gzip,deflate


01:56:03.707 [pool-2-thread-1] DEBUG org.apache.http.impl.conn.PoolingHttpClientConnectionManager -- Connection request: [route: {}->http://localhost:8080][total available: 0; route allocated: 0 of 5; total allocated: 0 of 10]
01:56:03.707 [pool-2-thread-1] DEBUG org.apache.http.impl.conn.PoolingHttpClientConnectionManager -- Connection leased: [id: 4][route: {}->http://localhost:8080][total available: 0; route allocated: 1 of 5; total allocated: 1 of 10]
01:56:03.707 [pool-2-thread-1] DEBUG org.apache.http.impl.execchain.MainClientExec -- Opening connection {}->http://localhost:8080
01:56:03.708 [pool-2-thread-1] DEBUG org.apache.http.impl.conn.DefaultHttpClientConnectionOperator -- Connecting to localhost/127.0.0.1:8080
01:56:03.708 [pool-2-thread-1] DEBUG org.apache.http.impl.conn.DefaultHttpClientConnectionOperator -- Connection established 127.0.0.1:56806<->127.0.0.1:8080
01:56:03.708 [pool-2-thread-1] DEBUG org.apache.http.impl.conn.DefaultManagedHttpClientConnection -- http-outgoing-4: set socket timeout to 30000
01:56:03.708 [pool-2-thread-1] DEBUG org.apache.http.impl.execchain.MainClientExec -- Executing request GET /api/v3/pet/3 HTTP/1.1
01:56:03.708 [pool-2-thread-1] DEBUG org.apache.http.impl.execchain.MainClientExec -- Target auth state: UNCHALLENGED
01:56:03.708 [pool-2-thread-1] DEBUG org.apache.http.impl.execchain.MainClientExec -- Proxy auth state: UNCHALLENGED
01:56:03.708 [pool-2-thread-1] DEBUG org.apache.http.headers -- http-outgoing-4 >> GET /api/v3/pet/3 HTTP/1.1
01:56:03.708 [pool-2-thread-1] DEBUG org.apache.http.headers -- http-outgoing-4 >> Host: localhost:8080
01:56:03.708 [pool-2-thread-1] DEBUG org.apache.http.headers -- http-outgoing-4 >> Connection: Keep-Alive
01:56:03.708 [pool-2-thread-1] DEBUG org.apache.http.headers -- http-outgoing-4 >> User-Agent: Apache-HttpClient/4.5.14 (Java/17.0.14)
01:56:03.708 [pool-2-thread-1] DEBUG org.apache.http.headers -- http-outgoing-4 >> Accept-Encoding: gzip,deflate
01:56:03.708 [pool-2-thread-1] DEBUG org.apache.http.wire -- http-outgoing-4 >> "GET /api/v3/pet/3 HTTP/1.1[\r][\n]"
01:56:03.708 [pool-2-thread-1] DEBUG org.apache.http.wire -- http-outgoing-4 >> "Host: localhost:8080[\r][\n]"
01:56:03.708 [pool-2-thread-1] DEBUG org.apache.http.wire -- http-outgoing-4 >> "Connection: Keep-Alive[\r][\n]"
01:56:03.708 [pool-2-thread-1] DEBUG org.apache.http.wire -- http-outgoing-4 >> "User-Agent: Apache-HttpClient/4.5.14 (Java/17.0.14)[\r][\n]"
01:56:03.708 [pool-2-thread-1] DEBUG org.apache.http.wire -- http-outgoing-4 >> "Accept-Encoding: gzip,deflate[\r][\n]"
01:56:03.708 [pool-2-thread-1] DEBUG org.apache.http.wire -- http-outgoing-4 >> "[\r][\n]"
01:56:03.710 [pool-2-thread-2] DEBUG com.jayway.jsonpath.internal.path.CompiledPath -- Evaluating path: $
01:56:03.710 [pool-2-thread-2] DEBUG com.jayway.jsonpath.internal.path.CompiledPath -- Evaluating path: $
01:56:03.711 [pool-2-thread-2] DEBUG org.apache.http.client.protocol.RequestAddCookies -- CookieSpec selected: karate
01:56:03.711 [pool-2-thread-2] DEBUG org.apache.http.client.protocol.RequestAuthCache -- Auth cache not set in the context
01:56:03.711 [pool-2-thread-2] DEBUG com.intuit.karate -- request:
1 > GET http://localhost:8080/api/v3/pet/4
1 > Host: localhost:8080
1 > Connection: Keep-Alive
1 > User-Agent: Apache-HttpClient/4.5.14 (Java/17.0.14)
1 > Accept-Encoding: gzip,deflate


01:56:03.711 [pool-2-thread-2] DEBUG org.apache.http.impl.conn.PoolingHttpClientConnectionManager -- Connection request: [route: {}->http://localhost:8080][total available: 0; route allocated: 0 of 5; total allocated: 0 of 10]
01:56:03.711 [pool-2-thread-2] DEBUG org.apache.http.impl.conn.PoolingHttpClientConnectionManager -- Connection leased: [id: 5][route: {}->http://localhost:8080][total available: 0; route allocated: 1 of 5; total allocated: 1 of 10]
01:56:03.711 [pool-2-thread-2] DEBUG org.apache.http.impl.execchain.MainClientExec -- Opening connection {}->http://localhost:8080
01:56:03.711 [pool-2-thread-2] DEBUG org.apache.http.impl.conn.DefaultHttpClientConnectionOperator -- Connecting to localhost/127.0.0.1:8080
01:56:03.712 [pool-2-thread-2] DEBUG org.apache.http.impl.conn.DefaultHttpClientConnectionOperator -- Connection established 127.0.0.1:56807<->127.0.0.1:8080
01:56:03.712 [pool-2-thread-2] DEBUG org.apache.http.impl.conn.DefaultManagedHttpClientConnection -- http-outgoing-5: set socket timeout to 30000
01:56:03.712 [pool-2-thread-2] DEBUG org.apache.http.impl.execchain.MainClientExec -- Executing request GET /api/v3/pet/4 HTTP/1.1
01:56:03.712 [pool-2-thread-2] DEBUG org.apache.http.impl.execchain.MainClientExec -- Target auth state: UNCHALLENGED
01:56:03.712 [pool-2-thread-2] DEBUG org.apache.http.impl.execchain.MainClientExec -- Proxy auth state: UNCHALLENGED
01:56:03.712 [pool-2-thread-2] DEBUG org.apache.http.headers -- http-outgoing-5 >> GET /api/v3/pet/4 HTTP/1.1
01:56:03.712 [pool-2-thread-2] DEBUG org.apache.http.headers -- http-outgoing-5 >> Host: localhost:8080
01:56:03.712 [pool-2-thread-2] DEBUG org.apache.http.headers -- http-outgoing-5 >> Connection: Keep-Alive
01:56:03.712 [pool-2-thread-2] DEBUG org.apache.http.headers -- http-outgoing-5 >> User-Agent: Apache-HttpClient/4.5.14 (Java/17.0.14)
01:56:03.712 [pool-2-thread-2] DEBUG org.apache.http.headers -- http-outgoing-5 >> Accept-Encoding: gzip,deflate
01:56:03.712 [pool-2-thread-2] DEBUG org.apache.http.wire -- http-outgoing-5 >> "GET /api/v3/pet/4 HTTP/1.1[\r][\n]"
01:56:03.712 [pool-2-thread-2] DEBUG org.apache.http.wire -- http-outgoing-5 >> "Host: localhost:8080[\r][\n]"
01:56:03.712 [pool-2-thread-2] DEBUG org.apache.http.wire -- http-outgoing-5 >> "Connection: Keep-Alive[\r][\n]"
01:56:03.712 [pool-2-thread-2] DEBUG org.apache.http.wire -- http-outgoing-5 >> "User-Agent: Apache-HttpClient/4.5.14 (Java/17.0.14)[\r][\n]"
01:56:03.712 [pool-2-thread-2] DEBUG org.apache.http.wire -- http-outgoing-5 >> "Accept-Encoding: gzip,deflate[\r][\n]"
01:56:03.712 [pool-2-thread-2] DEBUG org.apache.http.wire -- http-outgoing-5 >> "[\r][\n]"
01:56:03.713 [pool-2-thread-1] DEBUG org.apache.http.wire -- http-outgoing-4 << "HTTP/1.1 200 OK[\r][\n]"
01:56:03.713 [pool-2-thread-1] DEBUG org.apache.http.wire -- http-outgoing-4 << "Date: Wed, 19 Feb 2025 06:56:03 GMT[\r][\n]"
01:56:03.713 [pool-2-thread-1] DEBUG org.apache.http.wire -- http-outgoing-4 << "Access-Control-Allow-Origin: *[\r][\n]"
01:56:03.713 [pool-2-thread-1] DEBUG org.apache.http.wire -- http-outgoing-4 << "Access-Control-Allow-Methods: GET, POST, DELETE, PUT[\r][\n]"
01:56:03.713 [pool-2-thread-1] DEBUG org.apache.http.wire -- http-outgoing-4 << "Access-Control-Allow-Headers: Content-Type, api_key, Authorization[\r][\n]"
01:56:03.713 [pool-2-thread-1] DEBUG org.apache.http.wire -- http-outgoing-4 << "Access-Control-Expose-Headers: Content-Disposition[\r][\n]"
01:56:03.713 [pool-2-thread-1] DEBUG org.apache.http.wire -- http-outgoing-4 << "Content-Type: application/json[\r][\n]"
01:56:03.713 [pool-2-thread-1] DEBUG org.apache.http.wire -- http-outgoing-4 << "Content-Length: 159[\r][\n]"
01:56:03.713 [pool-2-thread-1] DEBUG org.apache.http.wire -- http-outgoing-4 << "Server: Jetty(9.4.9.v20180320)[\r][\n]"
01:56:03.713 [pool-2-thread-1] DEBUG org.apache.http.wire -- http-outgoing-4 << "[\r][\n]"
01:56:03.713 [pool-2-thread-1] DEBUG org.apache.http.wire -- http-outgoing-4 << "{"id":3,"category":{"id":2,"name":"Cats"},"name":"Cat 3","photoUrls":["url1","url2"],"tags":[{"id":1,"name":"tag3"},{"id":2,"name":"tag4"}],"status":"pending"}"
01:56:03.713 [pool-2-thread-1] DEBUG org.apache.http.headers -- http-outgoing-4 << HTTP/1.1 200 OK
01:56:03.713 [pool-2-thread-1] DEBUG org.apache.http.headers -- http-outgoing-4 << Date: Wed, 19 Feb 2025 06:56:03 GMT
01:56:03.713 [pool-2-thread-1] DEBUG org.apache.http.headers -- http-outgoing-4 << Access-Control-Allow-Origin: *
01:56:03.713 [pool-2-thread-1] DEBUG org.apache.http.headers -- http-outgoing-4 << Access-Control-Allow-Methods: GET, POST, DELETE, PUT
01:56:03.713 [pool-2-thread-1] DEBUG org.apache.http.headers -- http-outgoing-4 << Access-Control-Allow-Headers: Content-Type, api_key, Authorization
01:56:03.713 [pool-2-thread-1] DEBUG org.apache.http.headers -- http-outgoing-4 << Access-Control-Expose-Headers: Content-Disposition
01:56:03.714 [pool-2-thread-1] DEBUG org.apache.http.headers -- http-outgoing-4 << Content-Type: application/json
01:56:03.714 [pool-2-thread-1] DEBUG org.apache.http.headers -- http-outgoing-4 << Content-Length: 159
01:56:03.714 [pool-2-thread-1] DEBUG org.apache.http.headers -- http-outgoing-4 << Server: Jetty(9.4.9.v20180320)
01:56:03.714 [pool-2-thread-1] DEBUG org.apache.http.impl.execchain.MainClientExec -- Connection can be kept alive indefinitely
01:56:03.714 [pool-2-thread-1] DEBUG org.apache.http.impl.conn.PoolingHttpClientConnectionManager -- Connection [id: 4][route: {}->http://localhost:8080] can be kept alive indefinitely
01:56:03.714 [pool-2-thread-1] DEBUG org.apache.http.impl.conn.DefaultManagedHttpClientConnection -- http-outgoing-4: set socket timeout to 0
01:56:03.714 [pool-2-thread-1] DEBUG org.apache.http.impl.conn.PoolingHttpClientConnectionManager -- Connection released: [id: 4][route: {}->http://localhost:8080][total available: 1; route allocated: 1 of 5; total allocated: 1 of 10]
01:56:03.714 [pool-2-thread-1] DEBUG org.apache.http.impl.conn.PoolingHttpClientConnectionManager -- Connection manager is shutting down
01:56:03.714 [pool-2-thread-1] DEBUG org.apache.http.impl.conn.DefaultManagedHttpClientConnection -- http-outgoing-4: Close connection
01:56:03.714 [pool-2-thread-1] DEBUG org.apache.http.impl.conn.PoolingHttpClientConnectionManager -- Connection manager shut down
01:56:03.714 [pool-2-thread-1] DEBUG com.intuit.karate -- response time in milliseconds: 7
1 < 200
1 < Date: Wed, 19 Feb 2025 06:56:03 GMT
1 < Access-Control-Allow-Origin: *
1 < Access-Control-Allow-Methods: GET, POST, DELETE, PUT
1 < Access-Control-Allow-Headers: Content-Type, api_key, Authorization
1 < Access-Control-Expose-Headers: Content-Disposition
1 < Content-Type: application/json
1 < Content-Length: 159
1 < Server: Jetty(9.4.9.v20180320)
{
  "id": 3,
  "category": {
    "id": 2,
    "name": "Cats"
  },
  "name": "Cat 3",
  "photoUrls": [
    "url1",
    "url2"
  ],
  "tags": [
    {
      "id": 1,
      "name": "tag3"
    },
    {
      "id": 2,
      "name": "tag4"
    }
  ],
  "status": "pending"
}


01:56:03.715 [pool-2-thread-2] DEBUG org.apache.http.wire -- http-outgoing-5 << "HTTP/1.1 200 OK[\r][\n]"
01:56:03.715 [pool-2-thread-2] DEBUG org.apache.http.wire -- http-outgoing-5 << "Date: Wed, 19 Feb 2025 06:56:03 GMT[\r][\n]"
01:56:03.715 [pool-2-thread-1] DEBUG com.jayway.jsonpath.internal.path.CompiledPath -- Evaluating path: $['id']
01:56:03.715 [pool-2-thread-2] DEBUG org.apache.http.wire -- http-outgoing-5 << "Access-Control-Allow-Origin: *[\r][\n]"
01:56:03.715 [pool-2-thread-2] DEBUG org.apache.http.wire -- http-outgoing-5 << "Access-Control-Allow-Methods: GET, POST, DELETE, PUT[\r][\n]"
01:56:03.715 [pool-2-thread-2] DEBUG org.apache.http.wire -- http-outgoing-5 << "Access-Control-Allow-Headers: Content-Type, api_key, Authorization[\r][\n]"
01:56:03.715 [pool-2-thread-2] DEBUG org.apache.http.wire -- http-outgoing-5 << "Access-Control-Expose-Headers: Content-Disposition[\r][\n]"
01:56:03.715 [pool-2-thread-2] DEBUG org.apache.http.wire -- http-outgoing-5 << "Content-Type: application/json[\r][\n]"
01:56:03.715 [pool-2-thread-2] DEBUG org.apache.http.wire -- http-outgoing-5 << "Content-Length: 74[\r][\n]"
01:56:03.715 [pool-2-thread-2] DEBUG org.apache.http.wire -- http-outgoing-5 << "Server: Jetty(9.4.9.v20180320)[\r][\n]"
01:56:03.715 [pool-2-thread-2] DEBUG org.apache.http.wire -- http-outgoing-5 << "[\r][\n]"
01:56:03.715 [pool-2-thread-2] DEBUG org.apache.http.wire -- http-outgoing-5 << "{"id":4,"name":"Firulais Damian","photoUrls":[],"tags":[],"status":"sold"}"
01:56:03.715 [pool-2-thread-2] DEBUG org.apache.http.headers -- http-outgoing-5 << HTTP/1.1 200 OK
01:56:03.715 [pool-2-thread-2] DEBUG org.apache.http.headers -- http-outgoing-5 << Date: Wed, 19 Feb 2025 06:56:03 GMT
01:56:03.715 [pool-2-thread-2] DEBUG org.apache.http.headers -- http-outgoing-5 << Access-Control-Allow-Origin: *
01:56:03.715 [pool-2-thread-2] DEBUG org.apache.http.headers -- http-outgoing-5 << Access-Control-Allow-Methods: GET, POST, DELETE, PUT
01:56:03.715 [pool-2-thread-2] DEBUG org.apache.http.headers -- http-outgoing-5 << Access-Control-Allow-Headers: Content-Type, api_key, Authorization
01:56:03.715 [pool-2-thread-2] DEBUG org.apache.http.headers -- http-outgoing-5 << Access-Control-Expose-Headers: Content-Disposition
01:56:03.715 [pool-2-thread-2] DEBUG org.apache.http.headers -- http-outgoing-5 << Content-Type: application/json
01:56:03.715 [pool-2-thread-2] DEBUG org.apache.http.headers -- http-outgoing-5 << Content-Length: 74
01:56:03.715 [pool-2-thread-2] DEBUG org.apache.http.headers -- http-outgoing-5 << Server: Jetty(9.4.9.v20180320)
01:56:03.715 [pool-2-thread-2] DEBUG org.apache.http.impl.execchain.MainClientExec -- Connection can be kept alive indefinitely
01:56:03.715 [pool-2-thread-2] DEBUG org.apache.http.impl.conn.PoolingHttpClientConnectionManager -- Connection [id: 5][route: {}->http://localhost:8080] can be kept alive indefinitely
01:56:03.715 [pool-2-thread-2] DEBUG org.apache.http.impl.conn.DefaultManagedHttpClientConnection -- http-outgoing-5: set socket timeout to 0
01:56:03.716 [pool-2-thread-2] DEBUG org.apache.http.impl.conn.PoolingHttpClientConnectionManager -- Connection released: [id: 5][route: {}->http://localhost:8080][total available: 1; route allocated: 1 of 5; total allocated: 1 of 10]
01:56:03.716 [pool-2-thread-2] DEBUG org.apache.http.impl.conn.PoolingHttpClientConnectionManager -- Connection manager is shutting down
01:56:03.716 [pool-2-thread-2] DEBUG org.apache.http.impl.conn.DefaultManagedHttpClientConnection -- http-outgoing-5: Close connection
01:56:03.716 [pool-2-thread-2] DEBUG org.apache.http.impl.conn.PoolingHttpClientConnectionManager -- Connection manager shut down
01:56:03.716 [pool-2-thread-2] DEBUG com.intuit.karate -- response time in milliseconds: 5
1 < 200
1 < Date: Wed, 19 Feb 2025 06:56:03 GMT
1 < Access-Control-Allow-Origin: *
1 < Access-Control-Allow-Methods: GET, POST, DELETE, PUT
1 < Access-Control-Allow-Headers: Content-Type, api_key, Authorization
1 < Access-Control-Expose-Headers: Content-Disposition
1 < Content-Type: application/json
1 < Content-Length: 74
1 < Server: Jetty(9.4.9.v20180320)
{
  "id": 4,
  "name": "Firulais Damian",
  "photoUrls": [
  ],
  "tags": [
  ],
  "status": "sold"
}


01:56:03.717 [pool-2-thread-2] DEBUG com.jayway.jsonpath.internal.path.CompiledPath -- Evaluating path: $['id']
01:56:03.718 [pool-2-thread-1] DEBUG com.jayway.jsonpath.internal.path.CompiledPath -- Evaluating path: $
01:56:03.718 [pool-2-thread-1] DEBUG com.jayway.jsonpath.internal.path.CompiledPath -- Evaluating path: $
01:56:03.719 [pool-2-thread-1] DEBUG org.apache.http.client.protocol.RequestAddCookies -- CookieSpec selected: karate
01:56:03.720 [pool-2-thread-1] DEBUG org.apache.http.client.protocol.RequestAuthCache -- Auth cache not set in the context
01:56:03.720 [pool-2-thread-1] DEBUG com.intuit.karate -- request:
1 > GET http://localhost:8080/api/v3/pet/999999
1 > Host: localhost:8080
1 > Connection: Keep-Alive
1 > User-Agent: Apache-HttpClient/4.5.14 (Java/17.0.14)
1 > Accept-Encoding: gzip,deflate


01:56:03.720 [pool-2-thread-1] DEBUG org.apache.http.impl.conn.PoolingHttpClientConnectionManager -- Connection request: [route: {}->http://localhost:8080][total available: 0; route allocated: 0 of 5; total allocated: 0 of 10]
01:56:03.720 [pool-2-thread-1] DEBUG org.apache.http.impl.conn.PoolingHttpClientConnectionManager -- Connection leased: [id: 6][route: {}->http://localhost:8080][total available: 0; route allocated: 1 of 5; total allocated: 1 of 10]
01:56:03.720 [pool-2-thread-1] DEBUG org.apache.http.impl.execchain.MainClientExec -- Opening connection {}->http://localhost:8080
01:56:03.720 [pool-2-thread-1] DEBUG org.apache.http.impl.conn.DefaultHttpClientConnectionOperator -- Connecting to localhost/127.0.0.1:8080
01:56:03.720 [pool-2-thread-1] DEBUG org.apache.http.impl.conn.DefaultHttpClientConnectionOperator -- Connection established 127.0.0.1:56808<->127.0.0.1:8080
01:56:03.720 [pool-2-thread-1] DEBUG org.apache.http.impl.conn.DefaultManagedHttpClientConnection -- http-outgoing-6: set socket timeout to 30000
01:56:03.720 [pool-2-thread-1] DEBUG org.apache.http.impl.execchain.MainClientExec -- Executing request GET /api/v3/pet/999999 HTTP/1.1
01:56:03.720 [pool-2-thread-1] DEBUG org.apache.http.impl.execchain.MainClientExec -- Target auth state: UNCHALLENGED
01:56:03.720 [pool-2-thread-1] DEBUG org.apache.http.impl.execchain.MainClientExec -- Proxy auth state: UNCHALLENGED
01:56:03.720 [pool-2-thread-1] DEBUG org.apache.http.headers -- http-outgoing-6 >> GET /api/v3/pet/999999 HTTP/1.1
01:56:03.720 [pool-2-thread-1] DEBUG org.apache.http.headers -- http-outgoing-6 >> Host: localhost:8080
01:56:03.720 [pool-2-thread-1] DEBUG org.apache.http.headers -- http-outgoing-6 >> Connection: Keep-Alive
01:56:03.720 [pool-2-thread-1] DEBUG org.apache.http.headers -- http-outgoing-6 >> User-Agent: Apache-HttpClient/4.5.14 (Java/17.0.14)
01:56:03.720 [pool-2-thread-1] DEBUG org.apache.http.headers -- http-outgoing-6 >> Accept-Encoding: gzip,deflate
01:56:03.720 [pool-2-thread-1] DEBUG org.apache.http.wire -- http-outgoing-6 >> "GET /api/v3/pet/999999 HTTP/1.1[\r][\n]"
01:56:03.720 [pool-2-thread-1] DEBUG org.apache.http.wire -- http-outgoing-6 >> "Host: localhost:8080[\r][\n]"
01:56:03.720 [pool-2-thread-1] DEBUG org.apache.http.wire -- http-outgoing-6 >> "Connection: Keep-Alive[\r][\n]"
01:56:03.720 [pool-2-thread-1] DEBUG org.apache.http.wire -- http-outgoing-6 >> "User-Agent: Apache-HttpClient/4.5.14 (Java/17.0.14)[\r][\n]"
01:56:03.720 [pool-2-thread-1] DEBUG org.apache.http.wire -- http-outgoing-6 >> "Accept-Encoding: gzip,deflate[\r][\n]"
01:56:03.720 [pool-2-thread-1] DEBUG org.apache.http.wire -- http-outgoing-6 >> "[\r][\n]"
01:56:03.721 [pool-2-thread-2] DEBUG org.apache.http.client.protocol.RequestAddCookies -- CookieSpec selected: karate
01:56:03.721 [pool-2-thread-2] DEBUG org.apache.http.client.protocol.RequestAuthCache -- Auth cache not set in the context
01:56:03.721 [pool-2-thread-2] DEBUG com.intuit.karate -- request:
1 > DELETE http://localhost:8080/api/v3/pet/1
1 > Host: localhost:8080
1 > Connection: Keep-Alive
1 > User-Agent: Apache-HttpClient/4.5.14 (Java/17.0.14)
1 > Accept-Encoding: gzip,deflate


01:56:03.721 [pool-2-thread-2] DEBUG org.apache.http.impl.conn.PoolingHttpClientConnectionManager -- Connection request: [route: {}->http://localhost:8080][total available: 0; route allocated: 0 of 5; total allocated: 0 of 10]
01:56:03.721 [pool-2-thread-2] DEBUG org.apache.http.impl.conn.PoolingHttpClientConnectionManager -- Connection leased: [id: 7][route: {}->http://localhost:8080][total available: 0; route allocated: 1 of 5; total allocated: 1 of 10]
01:56:03.721 [pool-2-thread-2] DEBUG org.apache.http.impl.execchain.MainClientExec -- Opening connection {}->http://localhost:8080
01:56:03.721 [pool-2-thread-2] DEBUG org.apache.http.impl.conn.DefaultHttpClientConnectionOperator -- Connecting to localhost/127.0.0.1:8080
01:56:03.721 [pool-2-thread-2] DEBUG org.apache.http.impl.conn.DefaultHttpClientConnectionOperator -- Connection established 127.0.0.1:56809<->127.0.0.1:8080
01:56:03.721 [pool-2-thread-2] DEBUG org.apache.http.impl.conn.DefaultManagedHttpClientConnection -- http-outgoing-7: set socket timeout to 30000
01:56:03.721 [pool-2-thread-2] DEBUG org.apache.http.impl.execchain.MainClientExec -- Executing request DELETE /api/v3/pet/1 HTTP/1.1
01:56:03.721 [pool-2-thread-2] DEBUG org.apache.http.impl.execchain.MainClientExec -- Target auth state: UNCHALLENGED
01:56:03.721 [pool-2-thread-2] DEBUG org.apache.http.impl.execchain.MainClientExec -- Proxy auth state: UNCHALLENGED
01:56:03.721 [pool-2-thread-2] DEBUG org.apache.http.headers -- http-outgoing-7 >> DELETE /api/v3/pet/1 HTTP/1.1
01:56:03.721 [pool-2-thread-2] DEBUG org.apache.http.headers -- http-outgoing-7 >> Host: localhost:8080
01:56:03.721 [pool-2-thread-2] DEBUG org.apache.http.headers -- http-outgoing-7 >> Connection: Keep-Alive
01:56:03.721 [pool-2-thread-2] DEBUG org.apache.http.headers -- http-outgoing-7 >> User-Agent: Apache-HttpClient/4.5.14 (Java/17.0.14)
01:56:03.721 [pool-2-thread-2] DEBUG org.apache.http.headers -- http-outgoing-7 >> Accept-Encoding: gzip,deflate
01:56:03.721 [pool-2-thread-2] DEBUG org.apache.http.wire -- http-outgoing-7 >> "DELETE /api/v3/pet/1 HTTP/1.1[\r][\n]"
01:56:03.721 [pool-2-thread-2] DEBUG org.apache.http.wire -- http-outgoing-7 >> "Host: localhost:8080[\r][\n]"
01:56:03.721 [pool-2-thread-2] DEBUG org.apache.http.wire -- http-outgoing-7 >> "Connection: Keep-Alive[\r][\n]"
01:56:03.721 [pool-2-thread-2] DEBUG org.apache.http.wire -- http-outgoing-7 >> "User-Agent: Apache-HttpClient/4.5.14 (Java/17.0.14)[\r][\n]"
01:56:03.721 [pool-2-thread-2] DEBUG org.apache.http.wire -- http-outgoing-7 >> "Accept-Encoding: gzip,deflate[\r][\n]"
01:56:03.722 [pool-2-thread-2] DEBUG org.apache.http.wire -- http-outgoing-7 >> "[\r][\n]"
01:56:03.724 [pool-2-thread-1] DEBUG org.apache.http.wire -- http-outgoing-6 << "HTTP/1.1 404 Not Found[\r][\n]"
01:56:03.724 [pool-2-thread-1] DEBUG org.apache.http.wire -- http-outgoing-6 << "Date: Wed, 19 Feb 2025 06:56:03 GMT[\r][\n]"
01:56:03.724 [pool-2-thread-1] DEBUG org.apache.http.wire -- http-outgoing-6 << "Access-Control-Allow-Origin: *[\r][\n]"
01:56:03.724 [pool-2-thread-1] DEBUG org.apache.http.wire -- http-outgoing-6 << "Access-Control-Allow-Methods: GET, POST, DELETE, PUT[\r][\n]"
01:56:03.724 [pool-2-thread-1] DEBUG org.apache.http.wire -- http-outgoing-6 << "Access-Control-Allow-Headers: Content-Type, api_key, Authorization[\r][\n]"
01:56:03.724 [pool-2-thread-1] DEBUG org.apache.http.wire -- http-outgoing-6 << "Access-Control-Expose-Headers: Content-Disposition[\r][\n]"
01:56:03.724 [pool-2-thread-1] DEBUG org.apache.http.wire -- http-outgoing-6 << "Content-Type: application/xml[\r][\n]"
01:56:03.724 [pool-2-thread-1] DEBUG org.apache.http.wire -- http-outgoing-6 << "Content-Length: 13[\r][\n]"
01:56:03.724 [pool-2-thread-1] DEBUG org.apache.http.wire -- http-outgoing-6 << "Server: Jetty(9.4.9.v20180320)[\r][\n]"
01:56:03.724 [pool-2-thread-1] DEBUG org.apache.http.wire -- http-outgoing-6 << "[\r][\n]"
01:56:03.724 [pool-2-thread-1] DEBUG org.apache.http.wire -- http-outgoing-6 << "Pet not found"
01:56:03.724 [pool-2-thread-1] DEBUG org.apache.http.headers -- http-outgoing-6 << HTTP/1.1 404 Not Found
01:56:03.724 [pool-2-thread-1] DEBUG org.apache.http.headers -- http-outgoing-6 << Date: Wed, 19 Feb 2025 06:56:03 GMT
01:56:03.724 [pool-2-thread-1] DEBUG org.apache.http.headers -- http-outgoing-6 << Access-Control-Allow-Origin: *
01:56:03.724 [pool-2-thread-1] DEBUG org.apache.http.headers -- http-outgoing-6 << Access-Control-Allow-Methods: GET, POST, DELETE, PUT
01:56:03.724 [pool-2-thread-1] DEBUG org.apache.http.headers -- http-outgoing-6 << Access-Control-Allow-Headers: Content-Type, api_key, Authorization
01:56:03.724 [pool-2-thread-1] DEBUG org.apache.http.headers -- http-outgoing-6 << Access-Control-Expose-Headers: Content-Disposition
01:56:03.724 [pool-2-thread-1] DEBUG org.apache.http.headers -- http-outgoing-6 << Content-Type: application/xml
01:56:03.724 [pool-2-thread-1] DEBUG org.apache.http.headers -- http-outgoing-6 << Content-Length: 13
01:56:03.724 [pool-2-thread-1] DEBUG org.apache.http.headers -- http-outgoing-6 << Server: Jetty(9.4.9.v20180320)
01:56:03.724 [pool-2-thread-1] DEBUG org.apache.http.impl.execchain.MainClientExec -- Connection can be kept alive indefinitely
01:56:03.724 [pool-2-thread-1] DEBUG org.apache.http.impl.conn.PoolingHttpClientConnectionManager -- Connection [id: 6][route: {}->http://localhost:8080] can be kept alive indefinitely
01:56:03.724 [pool-2-thread-1] DEBUG org.apache.http.impl.conn.DefaultManagedHttpClientConnection -- http-outgoing-6: set socket timeout to 0
01:56:03.724 [pool-2-thread-1] DEBUG org.apache.http.impl.conn.PoolingHttpClientConnectionManager -- Connection released: [id: 6][route: {}->http://localhost:8080][total available: 1; route allocated: 1 of 5; total allocated: 1 of 10]
01:56:03.724 [pool-2-thread-1] DEBUG org.apache.http.impl.conn.PoolingHttpClientConnectionManager -- Connection manager is shutting down
01:56:03.724 [pool-2-thread-1] DEBUG org.apache.http.impl.conn.DefaultManagedHttpClientConnection -- http-outgoing-6: Close connection
01:56:03.724 [pool-2-thread-1] DEBUG org.apache.http.impl.conn.PoolingHttpClientConnectionManager -- Connection manager shut down
01:56:03.724 [pool-2-thread-1] DEBUG com.intuit.karate -- response time in milliseconds: 4
1 < 404
1 < Date: Wed, 19 Feb 2025 06:56:03 GMT
1 < Access-Control-Allow-Origin: *
1 < Access-Control-Allow-Methods: GET, POST, DELETE, PUT
1 < Access-Control-Allow-Headers: Content-Type, api_key, Authorization
1 < Access-Control-Expose-Headers: Content-Disposition
1 < Content-Type: application/xml
1 < Content-Length: 13
1 < Server: Jetty(9.4.9.v20180320)
Pet not found

01:56:03.725 [pool-2-thread-2] DEBUG org.apache.http.wire -- http-outgoing-7 << "HTTP/1.1 200 OK[\r][\n]"
01:56:03.725 [pool-2-thread-2] DEBUG org.apache.http.wire -- http-outgoing-7 << "Date: Wed, 19 Feb 2025 06:56:03 GMT[\r][\n]"
01:56:03.725 [pool-2-thread-2] DEBUG org.apache.http.wire -- http-outgoing-7 << "Access-Control-Allow-Origin: *[\r][\n]"
01:56:03.725 [pool-2-thread-2] DEBUG org.apache.http.wire -- http-outgoing-7 << "Access-Control-Allow-Methods: GET, POST, DELETE, PUT[\r][\n]"
01:56:03.725 [pool-2-thread-2] DEBUG org.apache.http.wire -- http-outgoing-7 << "Access-Control-Allow-Headers: Content-Type, api_key, Authorization[\r][\n]"
01:56:03.725 [pool-2-thread-2] DEBUG org.apache.http.wire -- http-outgoing-7 << "Access-Control-Expose-Headers: Content-Disposition[\r][\n]"
01:56:03.725 [pool-2-thread-2] DEBUG org.apache.http.wire -- http-outgoing-7 << "Content-Type: application/json[\r][\n]"
01:56:03.725 [pool-2-thread-2] DEBUG org.apache.http.wire -- http-outgoing-7 << "Content-Length: 11[\r][\n]"
01:56:03.725 [pool-2-thread-2] DEBUG org.apache.http.wire -- http-outgoing-7 << "Server: Jetty(9.4.9.v20180320)[\r][\n]"
01:56:03.725 [pool-2-thread-2] DEBUG org.apache.http.wire -- http-outgoing-7 << "[\r][\n]"
01:56:03.725 [pool-2-thread-2] DEBUG org.apache.http.wire -- http-outgoing-7 << "Pet deleted"
01:56:03.725 [pool-2-thread-2] DEBUG org.apache.http.headers -- http-outgoing-7 << HTTP/1.1 200 OK
01:56:03.725 [pool-2-thread-2] DEBUG org.apache.http.headers -- http-outgoing-7 << Date: Wed, 19 Feb 2025 06:56:03 GMT
01:56:03.725 [pool-2-thread-2] DEBUG org.apache.http.headers -- http-outgoing-7 << Access-Control-Allow-Origin: *
01:56:03.725 [pool-2-thread-2] DEBUG org.apache.http.headers -- http-outgoing-7 << Access-Control-Allow-Methods: GET, POST, DELETE, PUT
01:56:03.725 [pool-2-thread-2] DEBUG org.apache.http.headers -- http-outgoing-7 << Access-Control-Allow-Headers: Content-Type, api_key, Authorization
01:56:03.725 [pool-2-thread-2] DEBUG org.apache.http.headers -- http-outgoing-7 << Access-Control-Expose-Headers: Content-Disposition
01:56:03.725 [pool-2-thread-2] DEBUG org.apache.http.headers -- http-outgoing-7 << Content-Type: application/json
01:56:03.725 [pool-2-thread-2] DEBUG org.apache.http.headers -- http-outgoing-7 << Content-Length: 11
01:56:03.725 [pool-2-thread-2] DEBUG org.apache.http.headers -- http-outgoing-7 << Server: Jetty(9.4.9.v20180320)
01:56:03.725 [pool-2-thread-2] DEBUG org.apache.http.impl.execchain.MainClientExec -- Connection can be kept alive indefinitely
01:56:03.725 [pool-2-thread-2] DEBUG org.apache.http.impl.conn.PoolingHttpClientConnectionManager -- Connection [id: 7][route: {}->http://localhost:8080] can be kept alive indefinitely
01:56:03.725 [pool-2-thread-2] DEBUG org.apache.http.impl.conn.DefaultManagedHttpClientConnection -- http-outgoing-7: set socket timeout to 0
01:56:03.725 [pool-2-thread-2] DEBUG org.apache.http.impl.conn.PoolingHttpClientConnectionManager -- Connection released: [id: 7][route: {}->http://localhost:8080][total available: 1; route allocated: 1 of 5; total allocated: 1 of 10]
01:56:03.725 [pool-2-thread-2] DEBUG org.apache.http.impl.conn.PoolingHttpClientConnectionManager -- Connection manager is shutting down
01:56:03.725 [pool-2-thread-2] DEBUG org.apache.http.impl.conn.DefaultManagedHttpClientConnection -- http-outgoing-7: Close connection
01:56:03.725 [pool-2-thread-2] DEBUG org.apache.http.impl.conn.PoolingHttpClientConnectionManager -- Connection manager shut down
01:56:03.725 [pool-2-thread-2] DEBUG com.intuit.karate -- response time in milliseconds: 4
1 < 200
1 < Date: Wed, 19 Feb 2025 06:56:03 GMT
1 < Access-Control-Allow-Origin: *
1 < Access-Control-Allow-Methods: GET, POST, DELETE, PUT
1 < Access-Control-Allow-Headers: Content-Type, api_key, Authorization
1 < Access-Control-Expose-Headers: Content-Disposition
1 < Content-Type: application/json
1 < Content-Length: 11
1 < Server: Jetty(9.4.9.v20180320)
Pet deleted

01:56:03.758 [pool-3-thread-1] DEBUG org.thymeleaf.TemplateEngine.CONFIG -- Initializing Thymeleaf Template engine configuration...
[THYMELEAF] TEMPLATE ENGINE CONFIGURATION:
[THYMELEAF] * Thymeleaf version: 3.1.2.RELEASE (built 2023-07-30T19:25:50+0000)
[THYMELEAF] * Cache Manager implementation: org.thymeleaf.cache.StandardCacheManager
[THYMELEAF] * Template resolvers:
[THYMELEAF]     * [1] com.intuit.karate.template.ResourceHtmlTemplateResolver
[THYMELEAF] * Message resolvers:
[THYMELEAF]     * org.thymeleaf.messageresolver.StandardMessageResolver
[THYMELEAF] * Link builders:
[THYMELEAF]     * org.thymeleaf.linkbuilder.StandardLinkBuilder
[THYMELEAF] * Dialect [1 of 2]: Standard (com.intuit.karate.template.KarateStandardDialect)
[THYMELEAF]     * Prefix: "th"
[THYMELEAF]     * Processors for Template Mode: HTML
[THYMELEAF]         * Element Tag Processors by [matching element and attribute name] [precedence]:
[THYMELEAF]             * [* {th:include,data-th-include}] [100]: org.thymeleaf.standard.processor.StandardIncludeTagProcessor
[THYMELEAF]             * [* {th:insert,data-th-insert}] [100]: org.thymeleaf.standard.processor.StandardInsertTagProcessor
[THYMELEAF]             * [* {th:replace,data-th-replace}] [100]: org.thymeleaf.standard.processor.StandardReplaceTagProcessor
[THYMELEAF]             * [* {th:each,data-th-each}] [200]: com.intuit.karate.template.KarateEachTagProcessor
[THYMELEAF]             * [* {th:switch,data-th-switch}] [250]: org.thymeleaf.standard.processor.StandardSwitchTagProcessor
[THYMELEAF]             * [* {th:case,data-th-case}] [275]: org.thymeleaf.standard.processor.StandardCaseTagProcessor
[THYMELEAF]             * [* {th:if,data-th-if}] [300]: org.thymeleaf.standard.processor.StandardIfTagProcessor
[THYMELEAF]             * [* {th:unless,data-th-unless}] [400]: org.thymeleaf.standard.processor.StandardUnlessTagProcessor
[THYMELEAF]             * [* {th:object,data-th-object}] [500]: org.thymeleaf.standard.processor.StandardObjectTagProcessor
[THYMELEAF]             * [* {th:with,data-th-with}] [600]: com.intuit.karate.template.KarateWithTagProcessor
[THYMELEAF]             * [* {th:attr,data-th-attr}] [700]: com.intuit.karate.template.KarateAttributeTagProcessor.KarateAttrTagProcessor
[THYMELEAF]             * [* {th:attrappend,data-th-attrappend}] [900]: com.intuit.karate.template.KarateAttributeTagProcessor.KarateAttrappendTagProcessor
[THYMELEAF]             * [* {th:attrprepend,data-th-attrprepend}] [900]: com.intuit.karate.template.KarateAttributeTagProcessor.KarateAttrprependTagProcessor
[THYMELEAF]             * [* {th:alt-title,data-th-alt-title}] [990]: org.thymeleaf.standard.processor.StandardAltTitleTagProcessor
[THYMELEAF]             * [* {th:lang-xmllang,data-th-lang-xmllang}] [990]: org.thymeleaf.standard.processor.StandardLangXmlLangTagProcessor
[THYMELEAF]             * [* {th:action,data-th-action}] [1000]: org.thymeleaf.standard.processor.StandardActionTagProcessor
[THYMELEAF]             * [* {th:pubdate,data-th-pubdate}] [1000]: org.thymeleaf.standard.processor.StandardConditionalFixedValueTagProcessor
[THYMELEAF]             * [* {th:selected,data-th-selected}] [1000]: org.thymeleaf.standard.processor.StandardConditionalFixedValueTagProcessor
[THYMELEAF]             * [* {th:formnovalidate,data-th-formnovalidate}] [1000]: org.thymeleaf.standard.processor.StandardConditionalFixedValueTagProcessor
[THYMELEAF]             * [* {th:required,data-th-required}] [1000]: org.thymeleaf.standard.processor.StandardConditionalFixedValueTagProcessor
[THYMELEAF]             * [* {th:scoped,data-th-scoped}] [1000]: org.thymeleaf.standard.processor.StandardConditionalFixedValueTagProcessor
[THYMELEAF]             * [* {th:hidden,data-th-hidden}] [1000]: org.thymeleaf.standard.processor.StandardConditionalFixedValueTagProcessor
[THYMELEAF]             * [* {th:reversed,data-th-reversed}] [1000]: org.thymeleaf.standard.processor.StandardConditionalFixedValueTagProcessor
[THYMELEAF]             * [* {th:autoplay,data-th-autoplay}] [1000]: org.thymeleaf.standard.processor.StandardConditionalFixedValueTagProcessor
[THYMELEAF]             * [* {th:ismap,data-th-ismap}] [1000]: org.thymeleaf.standard.processor.StandardConditionalFixedValueTagProcessor
[THYMELEAF]             * [* {th:defer,data-th-defer}] [1000]: org.thymeleaf.standard.processor.StandardConditionalFixedValueTagProcessor
[THYMELEAF]             * [* {th:novalidate,data-th-novalidate}] [1000]: org.thymeleaf.standard.processor.StandardConditionalFixedValueTagProcessor
[THYMELEAF]             * [* {th:declare,data-th-declare}] [1000]: org.thymeleaf.standard.processor.StandardConditionalFixedValueTagProcessor
[THYMELEAF]             * [* {th:async,data-th-async}] [1000]: org.thymeleaf.standard.processor.StandardConditionalFixedValueTagProcessor
[THYMELEAF]             * [* {th:checked,data-th-checked}] [1000]: org.thymeleaf.standard.processor.StandardConditionalFixedValueTagProcessor
[THYMELEAF]             * [* {th:loop,data-th-loop}] [1000]: org.thymeleaf.standard.processor.StandardConditionalFixedValueTagProcessor
[THYMELEAF]             * [* {th:disabled,data-th-disabled}] [1000]: org.thymeleaf.standard.processor.StandardConditionalFixedValueTagProcessor
[THYMELEAF]             * [* {th:readonly,data-th-readonly}] [1000]: org.thymeleaf.standard.processor.StandardConditionalFixedValueTagProcessor
[THYMELEAF]             * [* {th:seamless,data-th-seamless}] [1000]: org.thymeleaf.standard.processor.StandardConditionalFixedValueTagProcessor
[THYMELEAF]             * [* {th:multiple,data-th-multiple}] [1000]: org.thymeleaf.standard.processor.StandardConditionalFixedValueTagProcessor
[THYMELEAF]             * [* {th:open,data-th-open}] [1000]: org.thymeleaf.standard.processor.StandardConditionalFixedValueTagProcessor
[THYMELEAF]             * [* {th:controls,data-th-controls}] [1000]: org.thymeleaf.standard.processor.StandardConditionalFixedValueTagProcessor
[THYMELEAF]             * [* {th:nowrap,data-th-nowrap}] [1000]: org.thymeleaf.standard.processor.StandardConditionalFixedValueTagProcessor
[THYMELEAF]             * [* {th:default,data-th-default}] [1000]: org.thymeleaf.standard.processor.StandardConditionalFixedValueTagProcessor
[THYMELEAF]             * [* {th:autofocus,data-th-autofocus}] [1000]: org.thymeleaf.standard.processor.StandardConditionalFixedValueTagProcessor
[THYMELEAF]             * [* {th:onreadystatechange,data-th-onreadystatechange}] [1000]: org.thymeleaf.standard.processor.StandardDOMEventAttributeTagProcessor
[THYMELEAF]             * [* {th:oncanplaythrough,data-th-oncanplaythrough}] [1000]: org.thymeleaf.standard.processor.StandardDOMEventAttributeTagProcessor
[THYMELEAF]             * [* {th:onkeydown,data-th-onkeydown}] [1000]: org.thymeleaf.standard.processor.StandardDOMEventAttributeTagProcessor
[THYMELEAF]             * [* {th:onfocus,data-th-onfocus}] [1000]: org.thymeleaf.standard.processor.StandardDOMEventAttributeTagProcessor
[THYMELEAF]             * [* {th:onresize,data-th-onresize}] [1000]: org.thymeleaf.standard.processor.StandardDOMEventAttributeTagProcessor
[THYMELEAF]             * [* {th:onscroll,data-th-onscroll}] [1000]: org.thymeleaf.standard.processor.StandardDOMEventAttributeTagProcessor
[THYMELEAF]             * [* {th:onsuspend,data-th-onsuspend}] [1000]: org.thymeleaf.standard.processor.StandardDOMEventAttributeTagProcessor
[THYMELEAF]             * [* {th:onchange,data-th-onchange}] [1000]: org.thymeleaf.standard.processor.StandardDOMEventAttributeTagProcessor
[THYMELEAF]             * [* {th:onblur,data-th-onblur}] [1000]: org.thymeleaf.standard.processor.StandardDOMEventAttributeTagProcessor
[THYMELEAF]             * [* {th:onload,data-th-onload}] [1000]: org.thymeleaf.standard.processor.StandardDOMEventAttributeTagProcessor
[THYMELEAF]             * [* {th:onreset,data-th-onreset}] [1000]: org.thymeleaf.standard.processor.StandardDOMEventAttributeTagProcessor
[THYMELEAF]             * [* {th:onbeforeunload,data-th-onbeforeunload}] [1000]: org.thymeleaf.standard.processor.StandardDOMEventAttributeTagProcessor
[THYMELEAF]             * [* {th:ondragend,data-th-ondragend}] [1000]: org.thymeleaf.standard.processor.StandardDOMEventAttributeTagProcessor
[THYMELEAF]             * [* {th:onunload,data-th-onunload}] [1000]: org.thymeleaf.standard.processor.StandardDOMEventAttributeTagProcessor
[THYMELEAF]             * [* {th:onstorage,data-th-onstorage}] [1000]: org.thymeleaf.standard.processor.StandardDOMEventAttributeTagProcessor
[THYMELEAF]             * [* {th:onsubmit,data-th-onsubmit}] [1000]: org.thymeleaf.standard.processor.StandardDOMEventAttributeTagProcessor
[THYMELEAF]             * [* {th:oninvalid,data-th-oninvalid}] [1000]: org.thymeleaf.standard.processor.StandardDOMEventAttributeTagProcessor
[THYMELEAF]             * [* {th:onpopstate,data-th-onpopstate}] [1000]: org.thymeleaf.standard.processor.StandardDOMEventAttributeTagProcessor
[THYMELEAF]             * [* {th:onseeked,data-th-onseeked}] [1000]: org.thymeleaf.standard.processor.StandardDOMEventAttributeTagProcessor
[THYMELEAF]             * [* {th:onkeyup,data-th-onkeyup}] [1000]: org.thymeleaf.standard.processor.StandardDOMEventAttributeTagProcessor
[THYMELEAF]             * [* {th:ononline,data-th-ononline}] [1000]: org.thymeleaf.standard.processor.StandardDOMEventAttributeTagProcessor
[THYMELEAF]             * [* {th:onvolumechange,data-th-onvolumechange}] [1000]: org.thymeleaf.standard.processor.StandardDOMEventAttributeTagProcessor
[THYMELEAF]             * [* {th:ondblclick,data-th-ondblclick}] [1000]: org.thymeleaf.standard.processor.StandardDOMEventAttributeTagProcessor
[THYMELEAF]             * [* {th:onoffline,data-th-onoffline}] [1000]: org.thymeleaf.standard.processor.StandardDOMEventAttributeTagProcessor
[THYMELEAF]             * [* {th:onemptied,data-th-onemptied}] [1000]: org.thymeleaf.standard.processor.StandardDOMEventAttributeTagProcessor
[THYMELEAF]             * [* {th:ondragover,data-th-ondragover}] [1000]: org.thymeleaf.standard.processor.StandardDOMEventAttributeTagProcessor
[THYMELEAF]             * [* {th:onpause,data-th-onpause}] [1000]: org.thymeleaf.standard.processor.StandardDOMEventAttributeTagProcessor
[THYMELEAF]             * [* {th:onloadedmetadata,data-th-onloadedmetadata}] [1000]: org.thymeleaf.standard.processor.StandardDOMEventAttributeTagProcessor
[THYMELEAF]             * [* {th:onended,data-th-onended}] [1000]: org.thymeleaf.standard.processor.StandardDOMEventAttributeTagProcessor
[THYMELEAF]             * [* {th:onratechange,data-th-onratechange}] [1000]: org.thymeleaf.standard.processor.StandardDOMEventAttributeTagProcessor
[THYMELEAF]             * [* {th:onundo,data-th-onundo}] [1000]: org.thymeleaf.standard.processor.StandardDOMEventAttributeTagProcessor
[THYMELEAF]             * [* {th:onloadstart,data-th-onloadstart}] [1000]: org.thymeleaf.standard.processor.StandardDOMEventAttributeTagProcessor
[THYMELEAF]             * [* {th:onafterprint,data-th-onafterprint}] [1000]: org.thymeleaf.standard.processor.StandardDOMEventAttributeTagProcessor
[THYMELEAF]             * [* {th:onerror,data-th-onerror}] [1000]: org.thymeleaf.standard.processor.StandardDOMEventAttributeTagProcessor
[THYMELEAF]             * [* {th:ondragleave,data-th-ondragleave}] [1000]: org.thymeleaf.standard.processor.StandardDOMEventAttributeTagProcessor
[THYMELEAF]             * [* {th:ondurationchange,data-th-ondurationchange}] [1000]: org.thymeleaf.standard.processor.StandardDOMEventAttributeTagProcessor
[THYMELEAF]             * [* {th:onmousewheel,data-th-onmousewheel}] [1000]: org.thymeleaf.standard.processor.StandardDOMEventAttributeTagProcessor
[THYMELEAF]             * [* {th:onplay,data-th-onplay}] [1000]: org.thymeleaf.standard.processor.StandardDOMEventAttributeTagProcessor
[THYMELEAF]             * [* {th:ontimeupdate,data-th-ontimeupdate}] [1000]: org.thymeleaf.standard.processor.StandardDOMEventAttributeTagProcessor
[THYMELEAF]             * [* {th:onabort,data-th-onabort}] [1000]: org.thymeleaf.standard.processor.StandardDOMEventAttributeTagProcessor
[THYMELEAF]             * [* {th:oninput,data-th-oninput}] [1000]: org.thymeleaf.standard.processor.StandardDOMEventAttributeTagProcessor
[THYMELEAF]             * [* {th:ondragstart,data-th-ondragstart}] [1000]: org.thymeleaf.standard.processor.StandardDOMEventAttributeTagProcessor
[THYMELEAF]             * [* {th:onmousedown,data-th-onmousedown}] [1000]: org.thymeleaf.standard.processor.StandardDOMEventAttributeTagProcessor
[THYMELEAF]             * [* {th:onloadeddata,data-th-onloadeddata}] [1000]: org.thymeleaf.standard.processor.StandardDOMEventAttributeTagProcessor
[THYMELEAF]             * [* {th:onformchange,data-th-onformchange}] [1000]: org.thymeleaf.standard.processor.StandardDOMEventAttributeTagProcessor
[THYMELEAF]             * [* {th:onseeking,data-th-onseeking}] [1000]: org.thymeleaf.standard.processor.StandardDOMEventAttributeTagProcessor
[THYMELEAF]             * [* {th:onplaying,data-th-onplaying}] [1000]: org.thymeleaf.standard.processor.StandardDOMEventAttributeTagProcessor
[THYMELEAF]             * [* {th:onmouseup,data-th-onmouseup}] [1000]: org.thymeleaf.standard.processor.StandardDOMEventAttributeTagProcessor
[THYMELEAF]             * [* {th:onclick,data-th-onclick}] [1000]: org.thymeleaf.standard.processor.StandardDOMEventAttributeTagProcessor
[THYMELEAF]             * [* {th:onselect,data-th-onselect}] [1000]: org.thymeleaf.standard.processor.StandardDOMEventAttributeTagProcessor
[THYMELEAF]             * [* {th:onforminput,data-th-onforminput}] [1000]: org.thymeleaf.standard.processor.StandardDOMEventAttributeTagProcessor
[THYMELEAF]             * [* {th:onbeforeprint,data-th-onbeforeprint}] [1000]: org.thymeleaf.standard.processor.StandardDOMEventAttributeTagProcessor
[THYMELEAF]             * [* {th:onprogress,data-th-onprogress}] [1000]: org.thymeleaf.standard.processor.StandardDOMEventAttributeTagProcessor
[THYMELEAF]             * [* {th:onmessage,data-th-onmessage}] [1000]: org.thymeleaf.standard.processor.StandardDOMEventAttributeTagProcessor
[THYMELEAF]             * [* {th:onredo,data-th-onredo}] [1000]: org.thymeleaf.standard.processor.StandardDOMEventAttributeTagProcessor
[THYMELEAF]             * [* {th:ondrag,data-th-ondrag}] [1000]: org.thymeleaf.standard.processor.StandardDOMEventAttributeTagProcessor
[THYMELEAF]             * [* {th:onstalled,data-th-onstalled}] [1000]: org.thymeleaf.standard.processor.StandardDOMEventAttributeTagProcessor
[THYMELEAF]             * [* {th:onhashchange,data-th-onhashchange}] [1000]: org.thymeleaf.standard.processor.StandardDOMEventAttributeTagProcessor
[THYMELEAF]             * [* {th:onmousemove,data-th-onmousemove}] [1000]: org.thymeleaf.standard.processor.StandardDOMEventAttributeTagProcessor
[...]
01:56:04.561 [main] DEBUG org.apache.velocity.macro -- added VM stringArray: source=org.apache.velocity.Template@77865933
01:56:04.561 [main] DEBUG org.apache.velocity.macro -- added VM numberArray: source=org.apache.velocity.Template@77865933
01:56:04.561 [main] DEBUG org.apache.velocity.loader -- ResourceManager: found /templates/macros/array.js.vm with loader org.apache.velocity.runtime.resource.loader.ClasspathResourceLoader
01:56:04.561 [main] DEBUG org.apache.velocity.macro -- added VM includeBuildInfo: source=org.apache.velocity.Template@177515d1
01:56:04.561 [main] DEBUG org.apache.velocity.loader -- ResourceManager: found /templates/macros/page/buildinfo.vm with loader org.apache.velocity.runtime.resource.loader.ClasspathResourceLoader
01:56:04.562 [main] DEBUG org.apache.velocity.macro -- added VM includeClassifications: source=org.apache.velocity.Template@44032fde
01:56:04.562 [main] DEBUG org.apache.velocity.loader -- ResourceManager: found /templates/macros/page/classifications.vm with loader org.apache.velocity.runtime.resource.loader.ClasspathResourceLoader
01:56:04.562 [main] DEBUG org.apache.velocity.macro -- added VM includeLead: source=org.apache.velocity.Template@4e49ce2b
01:56:04.562 [main] DEBUG org.apache.velocity.loader -- ResourceManager: found /templates/macros/page/lead.vm with loader org.apache.velocity.runtime.resource.loader.ClasspathResourceLoader
01:56:04.562 [main] DEBUG org.apache.velocity.macro -- added VM includeNavigation: source=org.apache.velocity.Template@435cc7f9
01:56:04.562 [main] DEBUG org.apache.velocity.loader -- ResourceManager: found /templates/macros/page/navigation.vm with loader org.apache.velocity.runtime.resource.loader.ClasspathResourceLoader
01:56:04.563 [main] DEBUG org.apache.velocity.macro -- added VM includeReportInfo: source=org.apache.velocity.Template@7f93dd4e
01:56:04.563 [main] DEBUG org.apache.velocity.loader -- ResourceManager: found /templates/macros/page/reportInfo.vm with loader org.apache.velocity.runtime.resource.loader.ClasspathResourceLoader
01:56:04.563 [main] DEBUG org.apache.velocity.macro -- added VM includeTitle: source=org.apache.velocity.Template@737d100a
01:56:04.563 [main] DEBUG org.apache.velocity.loader -- ResourceManager: found /templates/macros/page/title.vm with loader org.apache.velocity.runtime.resource.loader.ClasspathResourceLoader
01:56:04.564 [main] DEBUG org.apache.velocity.macro -- added VM includeExpandingButtons: source=org.apache.velocity.Template@1d1cbd0f
01:56:04.564 [main] DEBUG org.apache.velocity.loader -- ResourceManager: found /templates/macros/report/expandAllButtons.vm with loader org.apache.velocity.runtime.resource.loader.ClasspathResourceLoader
01:56:04.564 [main] DEBUG org.apache.velocity.macro -- added VM includeReportTable: source=org.apache.velocity.Template@77049094
01:56:04.564 [main] DEBUG org.apache.velocity.loader -- ResourceManager: found /templates/macros/report/reportTable.vm with loader org.apache.velocity.runtime.resource.loader.ClasspathResourceLoader
01:56:04.564 [main] DEBUG org.apache.velocity.macro -- added VM includeReportHeader: source=org.apache.velocity.Template@5d8ab698
01:56:04.564 [main] DEBUG org.apache.velocity.loader -- ResourceManager: found /templates/macros/report/reportHeader.vm with loader org.apache.velocity.runtime.resource.loader.ClasspathResourceLoader
01:56:04.565 [main] DEBUG org.apache.velocity.macro -- added VM includeStatsTable: source=org.apache.velocity.Template@429f7919
01:56:04.565 [main] DEBUG org.apache.velocity.loader -- ResourceManager: found /templates/macros/report/statsTable.vm with loader org.apache.velocity.runtime.resource.loader.ClasspathResourceLoader
01:56:04.565 [main] DEBUG org.apache.velocity.macro -- added VM includeBrief: source=org.apache.velocity.Template@797c3c3b
01:56:04.565 [main] DEBUG org.apache.velocity.loader -- ResourceManager: found /templates/macros/json/brief.vm with loader org.apache.velocity.runtime.resource.loader.ClasspathResourceLoader
01:56:04.565 [main] DEBUG org.apache.velocity.macro -- added VM includeDocString: source=org.apache.velocity.Template@1cf0cacc
01:56:04.565 [main] DEBUG org.apache.velocity.loader -- ResourceManager: found /templates/macros/json/docstring.vm with loader org.apache.velocity.runtime.resource.loader.ClasspathResourceLoader
01:56:04.566 [main] DEBUG org.apache.velocity.macro -- added VM includeDuration: source=org.apache.velocity.Template@3c87fdf2
01:56:04.566 [main] DEBUG org.apache.velocity.loader -- ResourceManager: found /templates/macros/json/duration.vm with loader org.apache.velocity.runtime.resource.loader.ClasspathResourceLoader
01:56:04.566 [main] DEBUG org.apache.velocity.macro -- added VM includeElement: source=org.apache.velocity.Template@3c98781a
01:56:04.566 [main] DEBUG org.apache.velocity.loader -- ResourceManager: found /templates/macros/json/element.vm with loader org.apache.velocity.runtime.resource.loader.ClasspathResourceLoader
01:56:04.567 [main] DEBUG org.apache.velocity.macro -- added VM includeEmbeddings: source=org.apache.velocity.Template@53abfc07
01:56:04.567 [main] DEBUG org.apache.velocity.macro -- added VM includeHtmlEmbedding: source=org.apache.velocity.Template@53abfc07
01:56:04.567 [main] DEBUG org.apache.velocity.macro -- added VM includeVideoEmbedding: source=org.apache.velocity.Template@53abfc07
01:56:04.567 [main] DEBUG org.apache.velocity.macro -- added VM includeImageEmbedding: source=org.apache.velocity.Template@53abfc07
01:56:04.567 [main] DEBUG org.apache.velocity.macro -- added VM includeImageReferenceEmbedding: source=org.apache.velocity.Template@53abfc07
01:56:04.567 [main] DEBUG org.apache.velocity.macro -- added VM includeTextEmbedding: source=org.apache.velocity.Template@53abfc07
01:56:04.567 [main] DEBUG org.apache.velocity.macro -- added VM includeUnknownEmbedding: source=org.apache.velocity.Template@53abfc07
01:56:04.567 [main] DEBUG org.apache.velocity.loader -- ResourceManager: found /templates/macros/json/embeddings.vm with loader org.apache.velocity.runtime.resource.loader.ClasspathResourceLoader
01:56:04.568 [main] DEBUG org.apache.velocity.macro -- added VM includeHooks: source=org.apache.velocity.Template@47c40b56
01:56:04.568 [main] DEBUG org.apache.velocity.loader -- ResourceManager: found /templates/macros/json/hooks.vm with loader org.apache.velocity.runtime.resource.loader.ClasspathResourceLoader
01:56:04.569 [main] DEBUG org.apache.velocity.macro -- added VM includeOutput: source=org.apache.velocity.Template@507d64aa
01:56:04.569 [main] DEBUG org.apache.velocity.loader -- ResourceManager: found /templates/macros/json/output.vm with loader org.apache.velocity.runtime.resource.loader.ClasspathResourceLoader
01:56:04.569 [main] DEBUG org.apache.velocity.macro -- added VM includeMessage: source=org.apache.velocity.Template@4aa21f9d
01:56:04.569 [main] DEBUG org.apache.velocity.loader -- ResourceManager: found /templates/macros/json/message.vm with loader org.apache.velocity.runtime.resource.loader.ClasspathResourceLoader
01:56:04.570 [main] DEBUG org.apache.velocity.macro -- added VM includeSteps: source=org.apache.velocity.Template@1e0a864d
01:56:04.570 [main] DEBUG org.apache.velocity.loader -- ResourceManager: found /templates/macros/json/steps.vm with loader org.apache.velocity.runtime.resource.loader.ClasspathResourceLoader
01:56:04.570 [main] DEBUG org.apache.velocity.macro -- added VM includeStepName: source=org.apache.velocity.Template@fd53053
01:56:04.570 [main] DEBUG org.apache.velocity.loader -- ResourceManager: found /templates/macros/json/stepName.vm with loader org.apache.velocity.runtime.resource.loader.ClasspathResourceLoader
01:56:04.571 [main] DEBUG org.apache.velocity.macro -- added VM includeTags: source=org.apache.velocity.Template@7132a9dc
01:56:04.571 [main] DEBUG org.apache.velocity.loader -- ResourceManager: found /templates/macros/json/tags.vm with loader org.apache.velocity.runtime.resource.loader.ClasspathResourceLoader
01:56:04.571 [main] DEBUG org.apache.velocity.loader -- ResourceManager: found /templates/footer.vm with loader org.apache.velocity.runtime.resource.loader.ClasspathResourceLoader
01:56:04.572 [main] DEBUG org.apache.velocity -- Initializing Velocity, Calling init()...
01:56:04.572 [main] DEBUG org.apache.velocity -- Starting Apache Velocity v2.3
01:56:04.572 [main] DEBUG org.apache.velocity -- Default Properties resource: org/apache/velocity/runtime/defaults/velocity.properties
01:56:04.572 [main] DEBUG org.apache.velocity -- ResourceLoader instantiated: org.apache.velocity.runtime.resource.loader.ClasspathResourceLoader
01:56:04.572 [main] DEBUG org.apache.velocity -- initialized (class org.apache.velocity.runtime.resource.ResourceCacheImpl) with class java.util.Collections$SynchronizedMap cache map.
01:56:04.572 [main] DEBUG org.apache.velocity -- Loaded System Directive: org.apache.velocity.runtime.directive.Stop
01:56:04.572 [main] DEBUG org.apache.velocity -- Loaded System Directive: org.apache.velocity.runtime.directive.Define
01:56:04.572 [main] DEBUG org.apache.velocity -- Loaded System Directive: org.apache.velocity.runtime.directive.Break
01:56:04.572 [main] DEBUG org.apache.velocity -- Loaded System Directive: org.apache.velocity.runtime.directive.Evaluate
01:56:04.572 [main] DEBUG org.apache.velocity -- Loaded System Directive: org.apache.velocity.runtime.directive.Macro
01:56:04.572 [main] DEBUG org.apache.velocity -- Loaded System Directive: org.apache.velocity.runtime.directive.Parse
01:56:04.572 [main] DEBUG org.apache.velocity -- Loaded System Directive: org.apache.velocity.runtime.directive.Include
01:56:04.572 [main] DEBUG org.apache.velocity -- Loaded System Directive: org.apache.velocity.runtime.directive.Foreach
01:56:04.573 [main] DEBUG org.apache.velocity.parser -- Created '20' parsers.
01:56:04.573 [main] DEBUG org.apache.velocity.macro -- "velocimacro.library.path" is not set. Trying default library: velocimacros.vtl
01:56:04.573 [main] DEBUG org.apache.velocity.loader.class -- Could not load resource 'velocimacros.vtl' from ResourceLoader org.apache.velocity.runtime.resource.loader.ClasspathResourceLoader
01:56:04.573 [main] DEBUG org.apache.velocity.macro -- Default library velocimacros.vtl not found. Trying old default library: VM_global_library.vm
01:56:04.573 [main] DEBUG org.apache.velocity.loader.class -- Could not load resource 'VM_global_library.vm' from ResourceLoader org.apache.velocity.runtime.resource.loader.ClasspathResourceLoader
01:56:04.573 [main] DEBUG org.apache.velocity.macro -- Old default library VM_global_library.vm not found.
01:56:04.573 [main] DEBUG org.apache.velocity.macro -- allowInline = true: VMs can be defined inline in templates
01:56:04.573 [main] DEBUG org.apache.velocity.macro -- allowInlineToOverride = false: VMs defined inline may NOT replace previous VM definitions
01:56:04.573 [main] DEBUG org.apache.velocity.macro -- allowInlineLocal = false: VMs defined inline will be global in scope if allowed.
01:56:04.573 [main] DEBUG org.apache.velocity.macro -- autoload off: VM system will not automatically reload global library macros
01:56:04.574 [main] DEBUG org.apache.velocity.loader -- ResourceManager: found templates/generators/overviewFailures.vm with loader org.apache.velocity.runtime.resource.loader.ClasspathResourceLoader
01:56:04.574 [main] DEBUG org.apache.velocity.loader -- ResourceManager: found /templates/headers.vm with loader org.apache.velocity.runtime.resource.loader.ClasspathResourceLoader
01:56:04.574 [main] DEBUG org.apache.velocity.loader -- ResourceManager: found /templates/head.vm with loader org.apache.velocity.runtime.resource.loader.ClasspathResourceLoader
01:56:04.575 [main] DEBUG org.apache.velocity.macro -- added VM stringArray: source=org.apache.velocity.Template@5ed4bc
01:56:04.576 [main] DEBUG org.apache.velocity.macro -- added VM numberArray: source=org.apache.velocity.Template@5ed4bc
01:56:04.576 [main] DEBUG org.apache.velocity.loader -- ResourceManager: found /templates/macros/array.js.vm with loader org.apache.velocity.runtime.resource.loader.ClasspathResourceLoader
01:56:04.577 [main] DEBUG org.apache.velocity.macro -- added VM includeBuildInfo: source=org.apache.velocity.Template@69923ac3
01:56:04.577 [main] DEBUG org.apache.velocity.loader -- ResourceManager: found /templates/macros/page/buildinfo.vm with loader org.apache.velocity.runtime.resource.loader.ClasspathResourceLoader
01:56:04.577 [main] DEBUG org.apache.velocity.macro -- added VM includeClassifications: source=org.apache.velocity.Template@24f870ee
01:56:04.577 [main] DEBUG org.apache.velocity.loader -- ResourceManager: found /templates/macros/page/classifications.vm with loader org.apache.velocity.runtime.resource.loader.ClasspathResourceLoader
01:56:04.578 [main] DEBUG org.apache.velocity.macro -- added VM includeLead: source=org.apache.velocity.Template@7f1ef916
01:56:04.578 [main] DEBUG org.apache.velocity.loader -- ResourceManager: found /templates/macros/page/lead.vm with loader org.apache.velocity.runtime.resource.loader.ClasspathResourceLoader
01:56:04.578 [main] DEBUG org.apache.velocity.macro -- added VM includeNavigation: source=org.apache.velocity.Template@1f03fba0
01:56:04.578 [main] DEBUG org.apache.velocity.loader -- ResourceManager: found /templates/macros/page/navigation.vm with loader org.apache.velocity.runtime.resource.loader.ClasspathResourceLoader
01:56:04.578 [main] DEBUG org.apache.velocity.macro -- added VM includeReportInfo: source=org.apache.velocity.Template@9679750
01:56:04.578 [main] DEBUG org.apache.velocity.loader -- ResourceManager: found /templates/macros/page/reportInfo.vm with loader org.apache.velocity.runtime.resource.loader.ClasspathResourceLoader
01:56:04.578 [main] DEBUG org.apache.velocity.macro -- added VM includeTitle: source=org.apache.velocity.Template@358ab600
01:56:04.578 [main] DEBUG org.apache.velocity.loader -- ResourceManager: found /templates/macros/page/title.vm with loader org.apache.velocity.runtime.resource.loader.ClasspathResourceLoader
01:56:04.578 [main] DEBUG org.apache.velocity.macro -- added VM includeExpandingButtons: source=org.apache.velocity.Template@3791f50e
01:56:04.578 [main] DEBUG org.apache.velocity.loader -- ResourceManager: found /templates/macros/report/expandAllButtons.vm with loader org.apache.velocity.runtime.resource.loader.ClasspathResourceLoader
01:56:04.579 [main] DEBUG org.apache.velocity.macro -- added VM includeReportTable: source=org.apache.velocity.Template@32177fa5
01:56:04.579 [main] DEBUG org.apache.velocity.loader -- ResourceManager: found /templates/macros/report/reportTable.vm with loader org.apache.velocity.runtime.resource.loader.ClasspathResourceLoader
01:56:04.579 [main] DEBUG org.apache.velocity.macro -- added VM includeReportHeader: source=org.apache.velocity.Template@2abe9173
01:56:04.579 [main] DEBUG org.apache.velocity.loader -- ResourceManager: found /templates/macros/report/reportHeader.vm with loader org.apache.velocity.runtime.resource.loader.ClasspathResourceLoader
01:56:04.580 [main] DEBUG org.apache.velocity.macro -- added VM includeStatsTable: source=org.apache.velocity.Template@43f9dd56
01:56:04.580 [main] DEBUG org.apache.velocity.loader -- ResourceManager: found /templates/macros/report/statsTable.vm with loader org.apache.velocity.runtime.resource.loader.ClasspathResourceLoader
01:56:04.580 [main] DEBUG org.apache.velocity.macro -- added VM includeBrief: source=org.apache.velocity.Template@2d4608a6
01:56:04.580 [main] DEBUG org.apache.velocity.loader -- ResourceManager: found /templates/macros/json/brief.vm with loader org.apache.velocity.runtime.resource.loader.ClasspathResourceLoader
01:56:04.580 [main] DEBUG org.apache.velocity.macro -- added VM includeDocString: source=org.apache.velocity.Template@26c89563
01:56:04.580 [main] DEBUG org.apache.velocity.loader -- ResourceManager: found /templates/macros/json/docstring.vm with loader org.apache.velocity.runtime.resource.loader.ClasspathResourceLoader
01:56:04.580 [main] DEBUG org.apache.velocity.macro -- added VM includeDuration: source=org.apache.velocity.Template@20f6f88c
01:56:04.580 [main] DEBUG org.apache.velocity.loader -- ResourceManager: found /templates/macros/json/duration.vm with loader org.apache.velocity.runtime.resource.loader.ClasspathResourceLoader
01:56:04.581 [main] DEBUG org.apache.velocity.macro -- added VM includeElement: source=org.apache.velocity.Template@354e7004
01:56:04.581 [main] DEBUG org.apache.velocity.loader -- ResourceManager: found /templates/macros/json/element.vm with loader org.apache.velocity.runtime.resource.loader.ClasspathResourceLoader
01:56:04.582 [main] DEBUG org.apache.velocity.macro -- added VM includeEmbeddings: source=org.apache.velocity.Template@608fe01f
01:56:04.582 [main] DEBUG org.apache.velocity.macro -- added VM includeHtmlEmbedding: source=org.apache.velocity.Template@608fe01f
01:56:04.582 [main] DEBUG org.apache.velocity.macro -- added VM includeVideoEmbedding: source=org.apache.velocity.Template@608fe01f
01:56:04.582 [main] DEBUG org.apache.velocity.macro -- added VM includeImageEmbedding: source=org.apache.velocity.Template@608fe01f
01:56:04.582 [main] DEBUG org.apache.velocity.macro -- added VM includeImageReferenceEmbedding: source=org.apache.velocity.Template@608fe01f
01:56:04.582 [main] DEBUG org.apache.velocity.macro -- added VM includeTextEmbedding: source=org.apache.velocity.Template@608fe01f
01:56:04.582 [main] DEBUG org.apache.velocity.macro -- added VM includeUnknownEmbedding: source=org.apache.velocity.Template@608fe01f
01:56:04.582 [main] DEBUG org.apache.velocity.loader -- ResourceManager: found /templates/macros/json/embeddings.vm with loader org.apache.velocity.runtime.resource.loader.ClasspathResourceLoader
01:56:04.583 [main] DEBUG org.apache.velocity.macro -- added VM includeHooks: source=org.apache.velocity.Template@2c05ff9d
01:56:04.583 [main] DEBUG org.apache.velocity.loader -- ResourceManager: found /templates/macros/json/hooks.vm with loader org.apache.velocity.runtime.resource.loader.ClasspathResourceLoader
01:56:04.583 [main] DEBUG org.apache.velocity.macro -- added VM includeOutput: source=org.apache.velocity.Template@5b7c8930
01:56:04.583 [main] DEBUG org.apache.velocity.loader -- ResourceManager: found /templates/macros/json/output.vm with loader org.apache.velocity.runtime.resource.loader.ClasspathResourceLoader
01:56:04.584 [main] DEBUG org.apache.velocity.macro -- added VM includeMessage: source=org.apache.velocity.Template@5a8ab2
01:56:04.584 [main] DEBUG org.apache.velocity.loader -- ResourceManager: found /templates/macros/json/message.vm with loader org.apache.velocity.runtime.resource.loader.ClasspathResourceLoader
01:56:04.584 [main] DEBUG org.apache.velocity.macro -- added VM includeSteps: source=org.apache.velocity.Template@d5af0a5
01:56:04.584 [main] DEBUG org.apache.velocity.loader -- ResourceManager: found /templates/macros/json/steps.vm with loader org.apache.velocity.runtime.resource.loader.ClasspathResourceLoader
01:56:04.584 [main] DEBUG org.apache.velocity.macro -- added VM includeStepName: source=org.apache.velocity.Template@6f231ced
01:56:04.584 [main] DEBUG org.apache.velocity.loader -- ResourceManager: found /templates/macros/json/stepName.vm with loader org.apache.velocity.runtime.resource.loader.ClasspathResourceLoader
01:56:04.584 [main] DEBUG org.apache.velocity.macro -- added VM includeTags: source=org.apache.velocity.Template@7d78f3d5
01:56:04.584 [main] DEBUG org.apache.velocity.loader -- ResourceManager: found /templates/macros/json/tags.vm with loader org.apache.velocity.runtime.resource.loader.ClasspathResourceLoader
01:56:04.585 [main] DEBUG org.apache.velocity.loader -- ResourceManager: found /templates/footer.vm with loader org.apache.velocity.runtime.resource.loader.ClasspathResourceLoader
]]></system-out>
  </testcase>
</testsuite>